================================================================================
Valores dos parametros:
Tamanho da tabela: 4
Numero maximo de iteracoes totais: 100
Tempo maximo de cada iteracao: 99s
================================================================================
Este problema tem 75 variaveis e 325 clausulas.
Solucao inicial: 309.
Solução final: 323.
Tempo total decorrido: 0.972198s.
================================================================================
Valor das variaveis
X[1]:	0
X[2]:	1
X[3]:	0
X[4]:	1
X[5]:	1
X[6]:	0
X[7]:	0
X[8]:	0
X[9]:	1
X[10]:	1
X[11]:	1
X[12]:	0
X[13]:	1
X[14]:	1
X[15]:	0
X[16]:	1
X[17]:	0
X[18]:	1
X[19]:	0
X[20]:	0
X[21]:	1
X[22]:	1
X[23]:	0
X[24]:	0
X[25]:	1
X[26]:	1
X[27]:	0
X[28]:	1
X[29]:	1
X[30]:	1
X[31]:	1
X[32]:	0
X[33]:	1
X[34]:	0
X[35]:	1
X[36]:	0
X[37]:	0
X[38]:	1
X[39]:	1
X[40]:	1
X[41]:	0
X[42]:	0
X[43]:	0
X[44]:	0
X[45]:	1
X[46]:	0
X[47]:	0
X[48]:	1
X[49]:	0
X[50]:	0
X[51]:	1
X[52]:	0
X[53]:	0
X[54]:	1
X[55]:	1
X[56]:	1
X[57]:	0
X[58]:	0
X[59]:	0
X[60]:	0
X[61]:	0
X[62]:	0
X[63]:	0
X[64]:	0
X[65]:	0
X[66]:	0
X[67]:	1
X[68]:	1
X[69]:	0
X[70]:	1
X[71]:	1
X[72]:	0
X[73]:	1
X[74]:	0
X[75]:	0
Fim das variaveis
================================================================================
Valor das Clausulas
C[1]:	1
C[2]:	1
C[3]:	1
C[4]:	1
C[5]:	1
C[6]:	1
C[7]:	1
C[8]:	1
C[9]:	1
C[10]:	1
C[11]:	1
C[12]:	1
C[13]:	1
C[14]:	1
C[15]:	1
C[16]:	1
C[17]:	1
C[18]:	1
C[19]:	1
C[20]:	1
C[21]:	1
C[22]:	1
C[23]:	1
C[24]:	1
C[25]:	1
C[26]:	1
C[27]:	1
C[28]:	1
C[29]:	1
C[30]:	1
C[31]:	1
C[32]:	1
C[33]:	1
C[34]:	1
C[35]:	1
C[36]:	1
C[37]:	1
C[38]:	1
C[39]:	1
C[40]:	1
C[41]:	1
C[42]:	1
C[43]:	1
C[44]:	1
C[45]:	1
C[46]:	1
C[47]:	1
C[48]:	1
C[49]:	1
C[50]:	1
C[51]:	1
C[52]:	1
C[53]:	1
C[54]:	1
C[55]:	1
C[56]:	1
C[57]:	1
C[58]:	1
C[59]:	1
C[60]:	1
C[61]:	1
C[62]:	1
C[63]:	1
C[64]:	1
C[65]:	1
C[66]:	1
C[67]:	1
C[68]:	1
C[69]:	1
C[70]:	1
C[71]:	1
C[72]:	1
C[73]:	1
C[74]:	1
C[75]:	1
C[76]:	1
C[77]:	1
C[78]:	1
C[79]:	1
C[80]:	1
C[81]:	1
C[82]:	1
C[83]:	1
C[84]:	1
C[85]:	1
C[86]:	1
C[87]:	1
C[88]:	1
C[89]:	1
C[90]:	1
C[91]:	1
C[92]:	1
C[93]:	1
C[94]:	1
C[95]:	1
C[96]:	1
C[97]:	1
C[98]:	1
C[99]:	1
C[100]:	1
C[101]:	1
C[102]:	1
C[103]:	1
C[104]:	1
C[105]:	1
C[106]:	1
C[107]:	1
C[108]:	1
C[109]:	1
C[110]:	1
C[111]:	1
C[112]:	1
C[113]:	1
C[114]:	1
C[115]:	1
C[116]:	1
C[117]:	1
C[118]:	1
C[119]:	1
C[120]:	1
C[121]:	1
C[122]:	1
C[123]:	1
C[124]:	1
C[125]:	1
C[126]:	1
C[127]:	1
C[128]:	1
C[129]:	1
C[130]:	1
C[131]:	1
C[132]:	1
C[133]:	1
C[134]:	1
C[135]:	1
C[136]:	1
C[137]:	1
C[138]:	0
C[139]:	1
C[140]:	1
C[141]:	1
C[142]:	1
C[143]:	1
C[144]:	1
C[145]:	1
C[146]:	1
C[147]:	1
C[148]:	1
C[149]:	1
C[150]:	1
C[151]:	1
C[152]:	1
C[153]:	1
C[154]:	1
C[155]:	1
C[156]:	1
C[157]:	1
C[158]:	1
C[159]:	1
C[160]:	1
C[161]:	1
C[162]:	1
C[163]:	1
C[164]:	1
C[165]:	1
C[166]:	1
C[167]:	1
C[168]:	1
C[169]:	1
C[170]:	1
C[171]:	1
C[172]:	1
C[173]:	1
C[174]:	1
C[175]:	1
C[176]:	1
C[177]:	1
C[178]:	1
C[179]:	1
C[180]:	1
C[181]:	1
C[182]:	1
C[183]:	1
C[184]:	1
C[185]:	1
C[186]:	1
C[187]:	1
C[188]:	1
C[189]:	1
C[190]:	1
C[191]:	1
C[192]:	1
C[193]:	1
C[194]:	1
C[195]:	1
C[196]:	1
C[197]:	1
C[198]:	1
C[199]:	1
C[200]:	1
C[201]:	1
C[202]:	1
C[203]:	1
C[204]:	1
C[205]:	1
C[206]:	1
C[207]:	1
C[208]:	1
C[209]:	1
C[210]:	1
C[211]:	1
C[212]:	1
C[213]:	1
C[214]:	1
C[215]:	1
C[216]:	1
C[217]:	1
C[218]:	1
C[219]:	1
C[220]:	1
C[221]:	1
C[222]:	1
C[223]:	1
C[224]:	1
C[225]:	1
C[226]:	1
C[227]:	1
C[228]:	1
C[229]:	1
C[230]:	1
C[231]:	1
C[232]:	1
C[233]:	1
C[234]:	0
C[235]:	1
C[236]:	1
C[237]:	1
C[238]:	1
C[239]:	1
C[240]:	1
C[241]:	1
C[242]:	1
C[243]:	1
C[244]:	1
C[245]:	1
C[246]:	1
C[247]:	1
C[248]:	1
C[249]:	1
C[250]:	1
C[251]:	1
C[252]:	1
C[253]:	1
C[254]:	1
C[255]:	1
C[256]:	1
C[257]:	1
C[258]:	1
C[259]:	1
C[260]:	1
C[261]:	1
C[262]:	1
C[263]:	1
C[264]:	1
C[265]:	1
C[266]:	1
C[267]:	1
C[268]:	1
C[269]:	1
C[270]:	1
C[271]:	1
C[272]:	1
C[273]:	1
C[274]:	1
C[275]:	1
C[276]:	1
C[277]:	1
C[278]:	1
C[279]:	1
C[280]:	1
C[281]:	1
C[282]:	1
C[283]:	1
C[284]:	1
C[285]:	1
C[286]:	1
C[287]:	1
C[288]:	1
C[289]:	1
C[290]:	1
C[291]:	1
C[292]:	1
C[293]:	1
C[294]:	1
C[295]:	1
C[296]:	1
C[297]:	1
C[298]:	1
C[299]:	1
C[300]:	1
C[301]:	1
C[302]:	1
C[303]:	1
C[304]:	1
C[305]:	1
C[306]:	1
C[307]:	1
C[308]:	1
C[309]:	1
C[310]:	1
C[311]:	1
C[312]:	1
C[313]:	1
C[314]:	1
C[315]:	1
C[316]:	1
C[317]:	1
C[318]:	1
C[319]:	1
C[320]:	1
C[321]:	1
C[322]:	1
C[323]:	1
C[324]:	1
C[325]:	1
Fim das clausulas
================================================================================
