================================================================================
Valores dos parametros:
Tamanho da tabela: 100
Numero maximo de iteracoes totais: 100
Tempo maximo de cada iteracao: 60s
================================================================================
Este problema tem 828 variaveis e 6718 clausulas.
Solucao inicial: 6543.
Solução final: 6663.
Tempo total decorrido: 5266.26s.
================================================================================
Valor das variaveis
X[1]:	0
X[2]:	0
X[3]:	0
X[4]:	0
X[5]:	0
X[6]:	0
X[7]:	0
X[8]:	0
X[9]:	0
X[10]:	0
X[11]:	0
X[12]:	0
X[13]:	0
X[14]:	0
X[15]:	0
X[16]:	0
X[17]:	0
X[18]:	0
X[19]:	0
X[20]:	0
X[21]:	0
X[22]:	0
X[23]:	0
X[24]:	0
X[25]:	0
X[26]:	0
X[27]:	0
X[28]:	0
X[29]:	0
X[30]:	0
X[31]:	0
X[32]:	0
X[33]:	0
X[34]:	0
X[35]:	0
X[36]:	0
X[37]:	0
X[38]:	0
X[39]:	0
X[40]:	0
X[41]:	0
X[42]:	0
X[43]:	0
X[44]:	0
X[45]:	0
X[46]:	0
X[47]:	0
X[48]:	0
X[49]:	0
X[50]:	0
X[51]:	0
X[52]:	0
X[53]:	0
X[54]:	0
X[55]:	0
X[56]:	0
X[57]:	0
X[58]:	0
X[59]:	0
X[60]:	0
X[61]:	0
X[62]:	0
X[63]:	0
X[64]:	0
X[65]:	0
X[66]:	0
X[67]:	0
X[68]:	0
X[69]:	0
X[70]:	0
X[71]:	0
X[72]:	0
X[73]:	0
X[74]:	0
X[75]:	0
X[76]:	0
X[77]:	0
X[78]:	0
X[79]:	0
X[80]:	0
X[81]:	0
X[82]:	0
X[83]:	0
X[84]:	0
X[85]:	0
X[86]:	0
X[87]:	0
X[88]:	0
X[89]:	0
X[90]:	0
X[91]:	0
X[92]:	1
X[93]:	1
X[94]:	1
X[95]:	0
X[96]:	0
X[97]:	0
X[98]:	0
X[99]:	1
X[100]:	1
X[101]:	0
X[102]:	1
X[103]:	0
X[104]:	0
X[105]:	0
X[106]:	0
X[107]:	0
X[108]:	0
X[109]:	0
X[110]:	0
X[111]:	0
X[112]:	0
X[113]:	0
X[114]:	0
X[115]:	0
X[116]:	0
X[117]:	0
X[118]:	0
X[119]:	0
X[120]:	0
X[121]:	0
X[122]:	0
X[123]:	0
X[124]:	0
X[125]:	0
X[126]:	1
X[127]:	0
X[128]:	0
X[129]:	0
X[130]:	0
X[131]:	0
X[132]:	0
X[133]:	0
X[134]:	0
X[135]:	0
X[136]:	0
X[137]:	0
X[138]:	0
X[139]:	0
X[140]:	0
X[141]:	0
X[142]:	0
X[143]:	0
X[144]:	0
X[145]:	0
X[146]:	0
X[147]:	0
X[148]:	0
X[149]:	0
X[150]:	1
X[151]:	0
X[152]:	0
X[153]:	0
X[154]:	0
X[155]:	0
X[156]:	0
X[157]:	0
X[158]:	0
X[159]:	0
X[160]:	0
X[161]:	0
X[162]:	0
X[163]:	0
X[164]:	0
X[165]:	0
X[166]:	0
X[167]:	0
X[168]:	0
X[169]:	0
X[170]:	0
X[171]:	0
X[172]:	1
X[173]:	0
X[174]:	0
X[175]:	0
X[176]:	0
X[177]:	0
X[178]:	0
X[179]:	0
X[180]:	0
X[181]:	0
X[182]:	0
X[183]:	1
X[184]:	0
X[185]:	0
X[186]:	0
X[187]:	0
X[188]:	0
X[189]:	0
X[190]:	0
X[191]:	0
X[192]:	1
X[193]:	1
X[194]:	1
X[195]:	0
X[196]:	0
X[197]:	0
X[198]:	0
X[199]:	1
X[200]:	1
X[201]:	0
X[202]:	1
X[203]:	0
X[204]:	0
X[205]:	0
X[206]:	0
X[207]:	0
X[208]:	0
X[209]:	0
X[210]:	0
X[211]:	0
X[212]:	0
X[213]:	0
X[214]:	0
X[215]:	0
X[216]:	0
X[217]:	0
X[218]:	0
X[219]:	0
X[220]:	0
X[221]:	0
X[222]:	0
X[223]:	0
X[224]:	0
X[225]:	0
X[226]:	1
X[227]:	0
X[228]:	0
X[229]:	0
X[230]:	0
X[231]:	0
X[232]:	0
X[233]:	0
X[234]:	0
X[235]:	0
X[236]:	0
X[237]:	0
X[238]:	0
X[239]:	0
X[240]:	0
X[241]:	0
X[242]:	0
X[243]:	0
X[244]:	0
X[245]:	0
X[246]:	0
X[247]:	0
X[248]:	0
X[249]:	0
X[250]:	1
X[251]:	0
X[252]:	0
X[253]:	0
X[254]:	0
X[255]:	0
X[256]:	0
X[257]:	0
X[258]:	0
X[259]:	0
X[260]:	0
X[261]:	0
X[262]:	0
X[263]:	0
X[264]:	0
X[265]:	0
X[266]:	0
X[267]:	0
X[268]:	0
X[269]:	0
X[270]:	0
X[271]:	0
X[272]:	1
X[273]:	0
X[274]:	0
X[275]:	0
X[276]:	0
X[277]:	0
X[278]:	0
X[279]:	0
X[280]:	0
X[281]:	0
X[282]:	0
X[283]:	1
X[284]:	0
X[285]:	0
X[286]:	0
X[287]:	0
X[288]:	0
X[289]:	0
X[290]:	0
X[291]:	0
X[292]:	1
X[293]:	1
X[294]:	1
X[295]:	0
X[296]:	0
X[297]:	0
X[298]:	0
X[299]:	1
X[300]:	1
X[301]:	0
X[302]:	1
X[303]:	0
X[304]:	0
X[305]:	0
X[306]:	0
X[307]:	0
X[308]:	0
X[309]:	0
X[310]:	0
X[311]:	0
X[312]:	0
X[313]:	0
X[314]:	0
X[315]:	0
X[316]:	0
X[317]:	0
X[318]:	0
X[319]:	0
X[320]:	0
X[321]:	0
X[322]:	0
X[323]:	0
X[324]:	0
X[325]:	0
X[326]:	1
X[327]:	0
X[328]:	0
X[329]:	0
X[330]:	0
X[331]:	0
X[332]:	0
X[333]:	0
X[334]:	0
X[335]:	0
X[336]:	0
X[337]:	0
X[338]:	0
X[339]:	0
X[340]:	0
X[341]:	0
X[342]:	0
X[343]:	0
X[344]:	0
X[345]:	0
X[346]:	0
X[347]:	0
X[348]:	0
X[349]:	0
X[350]:	1
X[351]:	0
X[352]:	0
X[353]:	0
X[354]:	0
X[355]:	0
X[356]:	0
X[357]:	0
X[358]:	0
X[359]:	0
X[360]:	0
X[361]:	0
X[362]:	0
X[363]:	0
X[364]:	0
X[365]:	0
X[366]:	0
X[367]:	0
X[368]:	0
X[369]:	0
X[370]:	0
X[371]:	0
X[372]:	1
X[373]:	0
X[374]:	0
X[375]:	0
X[376]:	0
X[377]:	0
X[378]:	0
X[379]:	0
X[380]:	0
X[381]:	0
X[382]:	0
X[383]:	1
X[384]:	0
X[385]:	0
X[386]:	0
X[387]:	0
X[388]:	0
X[389]:	0
X[390]:	0
X[391]:	0
X[392]:	1
X[393]:	1
X[394]:	1
X[395]:	0
X[396]:	0
X[397]:	0
X[398]:	0
X[399]:	1
X[400]:	1
X[401]:	0
X[402]:	1
X[403]:	0
X[404]:	0
X[405]:	0
X[406]:	0
X[407]:	0
X[408]:	0
X[409]:	0
X[410]:	0
X[411]:	0
X[412]:	0
X[413]:	0
X[414]:	0
X[415]:	0
X[416]:	0
X[417]:	0
X[418]:	0
X[419]:	0
X[420]:	0
X[421]:	0
X[422]:	0
X[423]:	0
X[424]:	0
X[425]:	0
X[426]:	1
X[427]:	0
X[428]:	0
X[429]:	0
X[430]:	0
X[431]:	0
X[432]:	0
X[433]:	0
X[434]:	0
X[435]:	0
X[436]:	0
X[437]:	0
X[438]:	0
X[439]:	0
X[440]:	0
X[441]:	0
X[442]:	0
X[443]:	0
X[444]:	0
X[445]:	0
X[446]:	0
X[447]:	0
X[448]:	0
X[449]:	0
X[450]:	1
X[451]:	0
X[452]:	0
X[453]:	0
X[454]:	0
X[455]:	0
X[456]:	0
X[457]:	0
X[458]:	0
X[459]:	0
X[460]:	0
X[461]:	0
X[462]:	0
X[463]:	0
X[464]:	0
X[465]:	0
X[466]:	0
X[467]:	0
X[468]:	0
X[469]:	0
X[470]:	0
X[471]:	0
X[472]:	1
X[473]:	0
X[474]:	0
X[475]:	0
X[476]:	0
X[477]:	0
X[478]:	0
X[479]:	0
X[480]:	0
X[481]:	0
X[482]:	0
X[483]:	1
X[484]:	0
X[485]:	0
X[486]:	0
X[487]:	0
X[488]:	0
X[489]:	0
X[490]:	0
X[491]:	0
X[492]:	1
X[493]:	1
X[494]:	1
X[495]:	0
X[496]:	0
X[497]:	0
X[498]:	0
X[499]:	1
X[500]:	1
X[501]:	0
X[502]:	1
X[503]:	0
X[504]:	0
X[505]:	0
X[506]:	0
X[507]:	0
X[508]:	0
X[509]:	0
X[510]:	0
X[511]:	1
X[512]:	0
X[513]:	0
X[514]:	0
X[515]:	0
X[516]:	0
X[517]:	0
X[518]:	0
X[519]:	0
X[520]:	0
X[521]:	0
X[522]:	0
X[523]:	1
X[524]:	0
X[525]:	0
X[526]:	0
X[527]:	0
X[528]:	0
X[529]:	0
X[530]:	0
X[531]:	0
X[532]:	0
X[533]:	0
X[534]:	0
X[535]:	0
X[536]:	0
X[537]:	0
X[538]:	0
X[539]:	0
X[540]:	0
X[541]:	0
X[542]:	0
X[543]:	0
X[544]:	1
X[545]:	0
X[546]:	0
X[547]:	0
X[548]:	0
X[549]:	0
X[550]:	0
X[551]:	0
X[552]:	0
X[553]:	0
X[554]:	0
X[555]:	0
X[556]:	0
X[557]:	0
X[558]:	0
X[559]:	0
X[560]:	0
X[561]:	0
X[562]:	0
X[563]:	0
X[564]:	1
X[565]:	0
X[566]:	0
X[567]:	0
X[568]:	0
X[569]:	0
X[570]:	0
X[571]:	0
X[572]:	0
X[573]:	1
X[574]:	0
X[575]:	0
X[576]:	0
X[577]:	0
X[578]:	0
X[579]:	0
X[580]:	0
X[581]:	0
X[582]:	1
X[583]:	1
X[584]:	1
X[585]:	0
X[586]:	0
X[587]:	0
X[588]:	0
X[589]:	1
X[590]:	1
X[591]:	0
X[592]:	1
X[593]:	0
X[594]:	0
X[595]:	0
X[596]:	0
X[597]:	0
X[598]:	0
X[599]:	1
X[600]:	0
X[601]:	0
X[602]:	0
X[603]:	0
X[604]:	0
X[605]:	0
X[606]:	0
X[607]:	0
X[608]:	0
X[609]:	0
X[610]:	1
X[611]:	0
X[612]:	0
X[613]:	0
X[614]:	0
X[615]:	0
X[616]:	0
X[617]:	0
X[618]:	0
X[619]:	0
X[620]:	0
X[621]:	0
X[622]:	0
X[623]:	0
X[624]:	0
X[625]:	0
X[626]:	0
X[627]:	0
X[628]:	1
X[629]:	0
X[630]:	0
X[631]:	0
X[632]:	0
X[633]:	0
X[634]:	0
X[635]:	0
X[636]:	0
X[637]:	0
X[638]:	0
X[639]:	0
X[640]:	0
X[641]:	0
X[642]:	0
X[643]:	0
X[644]:	0
X[645]:	0
X[646]:	1
X[647]:	0
X[648]:	0
X[649]:	0
X[650]:	0
X[651]:	0
X[652]:	0
X[653]:	1
X[654]:	0
X[655]:	0
X[656]:	0
X[657]:	0
X[658]:	0
X[659]:	0
X[660]:	0
X[661]:	0
X[662]:	1
X[663]:	1
X[664]:	1
X[665]:	0
X[666]:	0
X[667]:	0
X[668]:	0
X[669]:	1
X[670]:	1
X[671]:	0
X[672]:	1
X[673]:	0
X[674]:	0
X[675]:	0
X[676]:	0
X[677]:	1
X[678]:	0
X[679]:	0
X[680]:	0
X[681]:	0
X[682]:	0
X[683]:	0
X[684]:	0
X[685]:	0
X[686]:	1
X[687]:	0
X[688]:	0
X[689]:	0
X[690]:	0
X[691]:	0
X[692]:	0
X[693]:	0
X[694]:	0
X[695]:	0
X[696]:	0
X[697]:	0
X[698]:	0
X[699]:	0
X[700]:	1
X[701]:	0
X[702]:	0
X[703]:	0
X[704]:	0
X[705]:	0
X[706]:	0
X[707]:	0
X[708]:	0
X[709]:	0
X[710]:	0
X[711]:	0
X[712]:	0
X[713]:	0
X[714]:	1
X[715]:	0
X[716]:	0
X[717]:	0
X[718]:	0
X[719]:	1
X[720]:	0
X[721]:	0
X[722]:	0
X[723]:	0
X[724]:	0
X[725]:	0
X[726]:	1
X[727]:	1
X[728]:	1
X[729]:	0
X[730]:	0
X[731]:	0
X[732]:	0
X[733]:	1
X[734]:	1
X[735]:	0
X[736]:	1
X[737]:	0
X[738]:	0
X[739]:	0
X[740]:	1
X[741]:	0
X[742]:	0
X[743]:	0
X[744]:	0
X[745]:	0
X[746]:	0
X[747]:	0
X[748]:	0
X[749]:	0
X[750]:	0
X[751]:	0
X[752]:	0
X[753]:	0
X[754]:	0
X[755]:	0
X[756]:	0
X[757]:	0
X[758]:	0
X[759]:	0
X[760]:	0
X[761]:	0
X[762]:	0
X[763]:	0
X[764]:	0
X[765]:	0
X[766]:	0
X[767]:	0
X[768]:	0
X[769]:	0
X[770]:	0
X[771]:	1
X[772]:	1
X[773]:	1
X[774]:	1
X[775]:	1
X[776]:	1
X[777]:	0
X[778]:	0
X[779]:	1
X[780]:	1
X[781]:	1
X[782]:	1
X[783]:	0
X[784]:	0
X[785]:	0
X[786]:	0
X[787]:	0
X[788]:	0
X[789]:	0
X[790]:	0
X[791]:	0
X[792]:	0
X[793]:	0
X[794]:	0
X[795]:	0
X[796]:	0
X[797]:	0
X[798]:	0
X[799]:	0
X[800]:	0
X[801]:	0
X[802]:	0
X[803]:	0
X[804]:	0
X[805]:	1
X[806]:	1
X[807]:	1
X[808]:	1
X[809]:	1
X[810]:	1
X[811]:	0
X[812]:	0
X[813]:	1
X[814]:	1
X[815]:	1
X[816]:	1
X[817]:	1
X[818]:	1
X[819]:	1
X[820]:	1
X[821]:	1
X[822]:	1
X[823]:	0
X[824]:	0
X[825]:	0
X[826]:	0
X[827]:	0
X[828]:	0
Fim das variaveis
================================================================================
Valor das Clausulas
C[1]:	1
C[2]:	1
C[3]:	1
C[4]:	1
C[5]:	1
C[6]:	1
C[7]:	1
C[8]:	1
C[9]:	1
C[10]:	1
C[11]:	0
C[12]:	1
C[13]:	1
C[14]:	1
C[15]:	1
C[16]:	1
C[17]:	1
C[18]:	1
C[19]:	1
C[20]:	1
C[21]:	1
C[22]:	1
C[23]:	1
C[24]:	1
C[25]:	1
C[26]:	1
C[27]:	1
C[28]:	1
C[29]:	1
C[30]:	1
C[31]:	1
C[32]:	1
C[33]:	1
C[34]:	1
C[35]:	1
C[36]:	1
C[37]:	1
C[38]:	1
C[39]:	1
C[40]:	1
C[41]:	1
C[42]:	1
C[43]:	1
C[44]:	1
C[45]:	1
C[46]:	1
C[47]:	1
C[48]:	1
C[49]:	1
C[50]:	1
C[51]:	1
C[52]:	1
C[53]:	1
C[54]:	1
C[55]:	1
C[56]:	1
C[57]:	1
C[58]:	1
C[59]:	1
C[60]:	1
C[61]:	1
C[62]:	1
C[63]:	1
C[64]:	1
C[65]:	1
C[66]:	1
C[67]:	1
C[68]:	1
C[69]:	1
C[70]:	1
C[71]:	1
C[72]:	1
C[73]:	1
C[74]:	1
C[75]:	1
C[76]:	1
C[77]:	1
C[78]:	1
C[79]:	1
C[80]:	0
C[81]:	0
C[82]:	0
C[83]:	1
C[84]:	1
C[85]:	1
C[86]:	0
C[87]:	1
C[88]:	1
C[89]:	1
C[90]:	1
C[91]:	1
C[92]:	1
C[93]:	1
C[94]:	1
C[95]:	1
C[96]:	1
C[97]:	1
C[98]:	0
C[99]:	1
C[100]:	1
C[101]:	1
C[102]:	1
C[103]:	1
C[104]:	1
C[105]:	1
C[106]:	1
C[107]:	1
C[108]:	1
C[109]:	1
C[110]:	1
C[111]:	1
C[112]:	1
C[113]:	1
C[114]:	1
C[115]:	1
C[116]:	1
C[117]:	1
C[118]:	1
C[119]:	1
C[120]:	1
C[121]:	1
C[122]:	1
C[123]:	1
C[124]:	1
C[125]:	1
C[126]:	1
C[127]:	1
C[128]:	1
C[129]:	1
C[130]:	1
C[131]:	1
C[132]:	1
C[133]:	1
C[134]:	1
C[135]:	1
C[136]:	1
C[137]:	1
C[138]:	1
C[139]:	1
C[140]:	1
C[141]:	1
C[142]:	1
C[143]:	1
C[144]:	0
C[145]:	0
C[146]:	0
C[147]:	1
C[148]:	1
C[149]:	1
C[150]:	1
C[151]:	1
C[152]:	1
C[153]:	1
C[154]:	1
C[155]:	1
C[156]:	1
C[157]:	1
C[158]:	1
C[159]:	1
C[160]:	1
C[161]:	1
C[162]:	1
C[163]:	1
C[164]:	1
C[165]:	1
C[166]:	1
C[167]:	1
C[168]:	1
C[169]:	1
C[170]:	1
C[171]:	1
C[172]:	1
C[173]:	1
C[174]:	1
C[175]:	1
C[176]:	1
C[177]:	1
C[178]:	1
C[179]:	1
C[180]:	1
C[181]:	1
C[182]:	1
C[183]:	1
C[184]:	1
C[185]:	1
C[186]:	1
C[187]:	1
C[188]:	1
C[189]:	1
C[190]:	1
C[191]:	1
C[192]:	1
C[193]:	1
C[194]:	1
C[195]:	1
C[196]:	1
C[197]:	1
C[198]:	1
C[199]:	1
C[200]:	1
C[201]:	1
C[202]:	1
C[203]:	1
C[204]:	1
C[205]:	1
C[206]:	1
C[207]:	1
C[208]:	1
C[209]:	1
C[210]:	1
C[211]:	1
C[212]:	1
C[213]:	1
C[214]:	1
C[215]:	1
C[216]:	1
C[217]:	1
C[218]:	1
C[219]:	1
C[220]:	1
C[221]:	1
C[222]:	1
C[223]:	1
C[224]:	1
C[225]:	1
C[226]:	1
C[227]:	1
C[228]:	1
C[229]:	1
C[230]:	1
C[231]:	1
C[232]:	1
C[233]:	1
C[234]:	1
C[235]:	1
C[236]:	1
C[237]:	1
C[238]:	1
C[239]:	1
C[240]:	1
C[241]:	1
C[242]:	1
C[243]:	1
C[244]:	1
C[245]:	1
C[246]:	1
C[247]:	1
C[248]:	1
C[249]:	1
C[250]:	1
C[251]:	1
C[252]:	1
C[253]:	1
C[254]:	1
C[255]:	1
C[256]:	1
C[257]:	1
C[258]:	1
C[259]:	1
C[260]:	1
C[261]:	1
C[262]:	1
C[263]:	1
C[264]:	1
C[265]:	1
C[266]:	1
C[267]:	1
C[268]:	1
C[269]:	1
C[270]:	1
C[271]:	1
C[272]:	1
C[273]:	1
C[274]:	1
C[275]:	1
C[276]:	1
C[277]:	1
C[278]:	1
C[279]:	1
C[280]:	1
C[281]:	1
C[282]:	1
C[283]:	1
C[284]:	1
C[285]:	1
C[286]:	1
C[287]:	1
C[288]:	1
C[289]:	1
C[290]:	1
C[291]:	1
C[292]:	1
C[293]:	1
C[294]:	1
C[295]:	1
C[296]:	1
C[297]:	1
C[298]:	1
C[299]:	1
C[300]:	1
C[301]:	1
C[302]:	1
C[303]:	1
C[304]:	1
C[305]:	1
C[306]:	1
C[307]:	1
C[308]:	1
C[309]:	1
C[310]:	1
C[311]:	1
C[312]:	1
C[313]:	1
C[314]:	1
C[315]:	1
C[316]:	1
C[317]:	1
C[318]:	1
C[319]:	1
C[320]:	1
C[321]:	1
C[322]:	1
C[323]:	1
C[324]:	1
C[325]:	1
C[326]:	1
C[327]:	1
C[328]:	1
C[329]:	1
C[330]:	1
C[331]:	1
C[332]:	1
C[333]:	1
C[334]:	1
C[335]:	1
C[336]:	1
C[337]:	1
C[338]:	1
C[339]:	1
C[340]:	1
C[341]:	1
C[342]:	1
C[343]:	1
C[344]:	1
C[345]:	1
C[346]:	1
C[347]:	1
C[348]:	1
C[349]:	1
C[350]:	1
C[351]:	1
C[352]:	1
C[353]:	1
C[354]:	1
C[355]:	1
C[356]:	1
C[357]:	1
C[358]:	1
C[359]:	1
C[360]:	1
C[361]:	1
C[362]:	1
C[363]:	1
C[364]:	1
C[365]:	1
C[366]:	1
C[367]:	1
C[368]:	1
C[369]:	1
C[370]:	1
C[371]:	1
C[372]:	1
C[373]:	1
C[374]:	1
C[375]:	1
C[376]:	1
C[377]:	1
C[378]:	1
C[379]:	1
C[380]:	1
C[381]:	1
C[382]:	1
C[383]:	1
C[384]:	1
C[385]:	1
C[386]:	1
C[387]:	1
C[388]:	1
C[389]:	1
C[390]:	1
C[391]:	1
C[392]:	1
C[393]:	1
C[394]:	1
C[395]:	1
C[396]:	1
C[397]:	1
C[398]:	1
C[399]:	1
C[400]:	1
C[401]:	1
C[402]:	1
C[403]:	1
C[404]:	1
C[405]:	1
C[406]:	1
C[407]:	1
C[408]:	1
C[409]:	1
C[410]:	1
C[411]:	1
C[412]:	1
C[413]:	1
C[414]:	1
C[415]:	1
C[416]:	1
C[417]:	1
C[418]:	1
C[419]:	1
C[420]:	1
C[421]:	1
C[422]:	1
C[423]:	1
C[424]:	1
C[425]:	1
C[426]:	1
C[427]:	1
C[428]:	1
C[429]:	1
C[430]:	1
C[431]:	1
C[432]:	1
C[433]:	1
C[434]:	1
C[435]:	1
C[436]:	1
C[437]:	1
C[438]:	1
C[439]:	1
C[440]:	1
C[441]:	1
C[442]:	1
C[443]:	1
C[444]:	1
C[445]:	1
C[446]:	1
C[447]:	1
C[448]:	1
C[449]:	1
C[450]:	1
C[451]:	1
C[452]:	1
C[453]:	1
C[454]:	1
C[455]:	1
C[456]:	1
C[457]:	1
C[458]:	1
C[459]:	1
C[460]:	1
C[461]:	1
C[462]:	1
C[463]:	1
C[464]:	1
C[465]:	1
C[466]:	1
C[467]:	1
C[468]:	1
C[469]:	1
C[470]:	1
C[471]:	1
C[472]:	1
C[473]:	1
C[474]:	1
C[475]:	1
C[476]:	1
C[477]:	1
C[478]:	1
C[479]:	1
C[480]:	1
C[481]:	1
C[482]:	1
C[483]:	1
C[484]:	1
C[485]:	1
C[486]:	1
C[487]:	1
C[488]:	1
C[489]:	1
C[490]:	1
C[491]:	1
C[492]:	1
C[493]:	1
C[494]:	1
C[495]:	1
C[496]:	1
C[497]:	1
C[498]:	1
C[499]:	1
C[500]:	1
C[501]:	1
C[502]:	1
C[503]:	1
C[504]:	1
C[505]:	1
C[506]:	1
C[507]:	1
C[508]:	1
C[509]:	1
C[510]:	1
C[511]:	1
C[512]:	1
C[513]:	1
C[514]:	1
C[515]:	1
C[516]:	1
C[517]:	1
C[518]:	1
C[519]:	1
C[520]:	1
C[521]:	1
C[522]:	1
C[523]:	1
C[524]:	1
C[525]:	1
C[526]:	1
C[527]:	1
C[528]:	1
C[529]:	1
C[530]:	1
C[531]:	1
C[532]:	1
C[533]:	1
C[534]:	1
C[535]:	1
C[536]:	1
C[537]:	1
C[538]:	1
C[539]:	1
C[540]:	1
C[541]:	1
C[542]:	1
C[543]:	1
C[544]:	1
C[545]:	1
C[546]:	1
C[547]:	1
C[548]:	1
C[549]:	1
C[550]:	1
C[551]:	1
C[552]:	1
C[553]:	1
C[554]:	1
C[555]:	1
C[556]:	1
C[557]:	1
C[558]:	1
C[559]:	1
C[560]:	1
C[561]:	1
C[562]:	1
C[563]:	1
C[564]:	1
C[565]:	1
C[566]:	1
C[567]:	1
C[568]:	1
C[569]:	1
C[570]:	1
C[571]:	1
C[572]:	1
C[573]:	1
C[574]:	1
C[575]:	1
C[576]:	1
C[577]:	1
C[578]:	1
C[579]:	1
C[580]:	1
C[581]:	1
C[582]:	1
C[583]:	1
C[584]:	1
C[585]:	1
C[586]:	1
C[587]:	1
C[588]:	1
C[589]:	1
C[590]:	1
C[591]:	1
C[592]:	1
C[593]:	1
C[594]:	1
C[595]:	1
C[596]:	1
C[597]:	1
C[598]:	1
C[599]:	1
C[600]:	1
C[601]:	1
C[602]:	1
C[603]:	1
C[604]:	1
C[605]:	1
C[606]:	1
C[607]:	1
C[608]:	1
C[609]:	1
C[610]:	1
C[611]:	1
C[612]:	1
C[613]:	1
C[614]:	1
C[615]:	1
C[616]:	1
C[617]:	1
C[618]:	1
C[619]:	1
C[620]:	1
C[621]:	1
C[622]:	1
C[623]:	1
C[624]:	1
C[625]:	1
C[626]:	1
C[627]:	1
C[628]:	1
C[629]:	1
C[630]:	1
C[631]:	1
C[632]:	1
C[633]:	1
C[634]:	1
C[635]:	1
C[636]:	1
C[637]:	1
C[638]:	1
C[639]:	1
C[640]:	1
C[641]:	1
C[642]:	1
C[643]:	1
C[644]:	1
C[645]:	1
C[646]:	1
C[647]:	1
C[648]:	1
C[649]:	1
C[650]:	1
C[651]:	1
C[652]:	1
C[653]:	1
C[654]:	1
C[655]:	1
C[656]:	1
C[657]:	1
C[658]:	1
C[659]:	1
C[660]:	1
C[661]:	1
C[662]:	1
C[663]:	1
C[664]:	1
C[665]:	1
C[666]:	1
C[667]:	1
C[668]:	1
C[669]:	1
C[670]:	1
C[671]:	1
C[672]:	1
C[673]:	1
C[674]:	1
C[675]:	1
C[676]:	1
C[677]:	1
C[678]:	1
C[679]:	1
C[680]:	1
C[681]:	1
C[682]:	1
C[683]:	1
C[684]:	1
C[685]:	1
C[686]:	1
C[687]:	1
C[688]:	1
C[689]:	1
C[690]:	1
C[691]:	1
C[692]:	1
C[693]:	1
C[694]:	1
C[695]:	1
C[696]:	1
C[697]:	1
C[698]:	1
C[699]:	1
C[700]:	1
C[701]:	1
C[702]:	1
C[703]:	1
C[704]:	1
C[705]:	1
C[706]:	1
C[707]:	1
C[708]:	1
C[709]:	1
C[710]:	1
C[711]:	1
C[712]:	1
C[713]:	1
C[714]:	1
C[715]:	1
C[716]:	1
C[717]:	1
C[718]:	1
C[719]:	1
C[720]:	1
C[721]:	1
C[722]:	1
C[723]:	1
C[724]:	1
C[725]:	1
C[726]:	1
C[727]:	1
C[728]:	1
C[729]:	1
C[730]:	1
C[731]:	1
C[732]:	1
C[733]:	1
C[734]:	1
C[735]:	1
C[736]:	1
C[737]:	1
C[738]:	1
C[739]:	1
C[740]:	1
C[741]:	1
C[742]:	1
C[743]:	1
C[744]:	1
C[745]:	1
C[746]:	1
C[747]:	1
C[748]:	1
C[749]:	1
C[750]:	1
C[751]:	1
C[752]:	1
C[753]:	1
C[754]:	1
C[755]:	1
C[756]:	1
C[757]:	1
C[758]:	1
C[759]:	1
C[760]:	1
C[761]:	1
C[762]:	1
C[763]:	1
C[764]:	1
C[765]:	1
C[766]:	1
C[767]:	1
C[768]:	1
C[769]:	1
C[770]:	1
C[771]:	1
C[772]:	1
C[773]:	1
C[774]:	1
C[775]:	1
C[776]:	1
C[777]:	1
C[778]:	1
C[779]:	1
C[780]:	1
C[781]:	1
C[782]:	1
C[783]:	1
C[784]:	1
C[785]:	1
C[786]:	1
C[787]:	1
C[788]:	1
C[789]:	1
C[790]:	1
C[791]:	1
C[792]:	1
C[793]:	1
C[794]:	1
C[795]:	1
C[796]:	1
C[797]:	1
C[798]:	1
C[799]:	1
C[800]:	1
C[801]:	1
C[802]:	1
C[803]:	1
C[804]:	1
C[805]:	1
C[806]:	1
C[807]:	1
C[808]:	1
C[809]:	1
C[810]:	1
C[811]:	1
C[812]:	1
C[813]:	1
C[814]:	1
C[815]:	1
C[816]:	1
C[817]:	1
C[818]:	1
C[819]:	1
C[820]:	1
C[821]:	1
C[822]:	1
C[823]:	1
C[824]:	1
C[825]:	1
C[826]:	1
C[827]:	1
C[828]:	1
C[829]:	1
C[830]:	1
C[831]:	1
C[832]:	1
C[833]:	1
C[834]:	1
C[835]:	1
C[836]:	1
C[837]:	1
C[838]:	1
C[839]:	1
C[840]:	1
C[841]:	1
C[842]:	1
C[843]:	1
C[844]:	1
C[845]:	1
C[846]:	1
C[847]:	1
C[848]:	1
C[849]:	1
C[850]:	1
C[851]:	1
C[852]:	1
C[853]:	1
C[854]:	1
C[855]:	1
C[856]:	1
C[857]:	1
C[858]:	1
C[859]:	1
C[860]:	1
C[861]:	1
C[862]:	1
C[863]:	1
C[864]:	1
C[865]:	1
C[866]:	1
C[867]:	1
C[868]:	1
C[869]:	1
C[870]:	1
C[871]:	1
C[872]:	1
C[873]:	1
C[874]:	1
C[875]:	1
C[876]:	1
C[877]:	1
C[878]:	1
C[879]:	1
C[880]:	1
C[881]:	1
C[882]:	1
C[883]:	1
C[884]:	1
C[885]:	1
C[886]:	1
C[887]:	1
C[888]:	1
C[889]:	1
C[890]:	1
C[891]:	1
C[892]:	1
C[893]:	1
C[894]:	1
C[895]:	1
C[896]:	1
C[897]:	1
C[898]:	1
C[899]:	1
C[900]:	1
C[901]:	1
C[902]:	1
C[903]:	1
C[904]:	1
C[905]:	1
C[906]:	1
C[907]:	1
C[908]:	1
C[909]:	1
C[910]:	1
C[911]:	1
C[912]:	1
C[913]:	1
C[914]:	1
C[915]:	1
C[916]:	1
C[917]:	1
C[918]:	1
C[919]:	1
C[920]:	1
C[921]:	1
C[922]:	1
C[923]:	1
C[924]:	1
C[925]:	1
C[926]:	1
C[927]:	1
C[928]:	1
C[929]:	1
C[930]:	1
C[931]:	1
C[932]:	1
C[933]:	1
C[934]:	1
C[935]:	1
C[936]:	1
C[937]:	1
C[938]:	1
C[939]:	1
C[940]:	1
C[941]:	1
C[942]:	1
C[943]:	1
C[944]:	1
C[945]:	1
C[946]:	1
C[947]:	1
C[948]:	1
C[949]:	1
C[950]:	1
C[951]:	1
C[952]:	1
C[953]:	1
C[954]:	1
C[955]:	1
C[956]:	1
C[957]:	1
C[958]:	1
C[959]:	1
C[960]:	1
C[961]:	1
C[962]:	1
C[963]:	1
C[964]:	1
C[965]:	1
C[966]:	1
C[967]:	1
C[968]:	1
C[969]:	1
C[970]:	1
C[971]:	1
C[972]:	1
C[973]:	1
C[974]:	1
C[975]:	1
C[976]:	1
C[977]:	1
C[978]:	1
C[979]:	1
C[980]:	1
C[981]:	1
C[982]:	1
C[983]:	1
C[984]:	1
C[985]:	1
C[986]:	1
C[987]:	1
C[988]:	1
C[989]:	1
C[990]:	1
C[991]:	1
C[992]:	1
C[993]:	1
C[994]:	1
C[995]:	1
C[996]:	1
C[997]:	1
C[998]:	1
C[999]:	1
C[1000]:	1
C[1001]:	1
C[1002]:	1
C[1003]:	1
C[1004]:	1
C[1005]:	1
C[1006]:	1
C[1007]:	1
C[1008]:	1
C[1009]:	1
C[1010]:	1
C[1011]:	1
C[1012]:	1
C[1013]:	1
C[1014]:	1
C[1015]:	1
C[1016]:	1
C[1017]:	1
C[1018]:	1
C[1019]:	1
C[1020]:	1
C[1021]:	1
C[1022]:	1
C[1023]:	1
C[1024]:	1
C[1025]:	1
C[1026]:	1
C[1027]:	1
C[1028]:	1
C[1029]:	1
C[1030]:	1
C[1031]:	1
C[1032]:	1
C[1033]:	1
C[1034]:	1
C[1035]:	1
C[1036]:	1
C[1037]:	1
C[1038]:	1
C[1039]:	1
C[1040]:	1
C[1041]:	1
C[1042]:	1
C[1043]:	1
C[1044]:	1
C[1045]:	1
C[1046]:	1
C[1047]:	1
C[1048]:	1
C[1049]:	1
C[1050]:	1
C[1051]:	1
C[1052]:	1
C[1053]:	1
C[1054]:	1
C[1055]:	1
C[1056]:	1
C[1057]:	1
C[1058]:	1
C[1059]:	1
C[1060]:	1
C[1061]:	1
C[1062]:	1
C[1063]:	1
C[1064]:	1
C[1065]:	1
C[1066]:	1
C[1067]:	1
C[1068]:	1
C[1069]:	1
C[1070]:	1
C[1071]:	1
C[1072]:	1
C[1073]:	1
C[1074]:	1
C[1075]:	1
C[1076]:	1
C[1077]:	1
C[1078]:	1
C[1079]:	1
C[1080]:	1
C[1081]:	1
C[1082]:	1
C[1083]:	1
C[1084]:	1
C[1085]:	1
C[1086]:	1
C[1087]:	1
C[1088]:	1
C[1089]:	1
C[1090]:	1
C[1091]:	1
C[1092]:	1
C[1093]:	1
C[1094]:	1
C[1095]:	1
C[1096]:	1
C[1097]:	1
C[1098]:	1
C[1099]:	1
C[1100]:	1
C[1101]:	1
C[1102]:	1
C[1103]:	1
C[1104]:	1
C[1105]:	1
C[1106]:	1
C[1107]:	1
C[1108]:	1
C[1109]:	1
C[1110]:	1
C[1111]:	1
C[1112]:	1
C[1113]:	1
C[1114]:	1
C[1115]:	1
C[1116]:	1
C[1117]:	1
C[1118]:	1
C[1119]:	1
C[1120]:	1
C[1121]:	1
C[1122]:	1
C[1123]:	1
C[1124]:	1
C[1125]:	1
C[1126]:	1
C[1127]:	1
C[1128]:	1
C[1129]:	1
C[1130]:	1
C[1131]:	1
C[1132]:	1
C[1133]:	1
C[1134]:	1
C[1135]:	1
C[1136]:	1
C[1137]:	1
C[1138]:	1
C[1139]:	1
C[1140]:	1
C[1141]:	1
C[1142]:	1
C[1143]:	1
C[1144]:	1
C[1145]:	1
C[1146]:	1
C[1147]:	1
C[1148]:	1
C[1149]:	1
C[1150]:	1
C[1151]:	1
C[1152]:	1
C[1153]:	1
C[1154]:	1
C[1155]:	1
C[1156]:	1
C[1157]:	1
C[1158]:	1
C[1159]:	1
C[1160]:	1
C[1161]:	1
C[1162]:	1
C[1163]:	1
C[1164]:	1
C[1165]:	1
C[1166]:	1
C[1167]:	1
C[1168]:	1
C[1169]:	1
C[1170]:	1
C[1171]:	1
C[1172]:	1
C[1173]:	1
C[1174]:	1
C[1175]:	1
C[1176]:	1
C[1177]:	1
C[1178]:	1
C[1179]:	1
C[1180]:	1
C[1181]:	1
C[1182]:	1
C[1183]:	1
C[1184]:	1
C[1185]:	1
C[1186]:	1
C[1187]:	1
C[1188]:	1
C[1189]:	1
C[1190]:	1
C[1191]:	1
C[1192]:	1
C[1193]:	1
C[1194]:	1
C[1195]:	1
C[1196]:	1
C[1197]:	1
C[1198]:	1
C[1199]:	1
C[1200]:	1
C[1201]:	1
C[1202]:	1
C[1203]:	1
C[1204]:	1
C[1205]:	1
C[1206]:	1
C[1207]:	1
C[1208]:	1
C[1209]:	1
C[1210]:	1
C[1211]:	1
C[1212]:	1
C[1213]:	1
C[1214]:	1
C[1215]:	1
C[1216]:	1
C[1217]:	1
C[1218]:	1
C[1219]:	1
C[1220]:	1
C[1221]:	1
C[1222]:	1
C[1223]:	1
C[1224]:	1
C[1225]:	1
C[1226]:	1
C[1227]:	1
C[1228]:	1
C[1229]:	1
C[1230]:	1
C[1231]:	1
C[1232]:	1
C[1233]:	1
C[1234]:	1
C[1235]:	1
C[1236]:	1
C[1237]:	1
C[1238]:	1
C[1239]:	1
C[1240]:	1
C[1241]:	1
C[1242]:	1
C[1243]:	1
C[1244]:	1
C[1245]:	1
C[1246]:	1
C[1247]:	1
C[1248]:	1
C[1249]:	1
C[1250]:	1
C[1251]:	1
C[1252]:	1
C[1253]:	1
C[1254]:	1
C[1255]:	1
C[1256]:	1
C[1257]:	1
C[1258]:	1
C[1259]:	1
C[1260]:	1
C[1261]:	1
C[1262]:	1
C[1263]:	1
C[1264]:	1
C[1265]:	1
C[1266]:	1
C[1267]:	1
C[1268]:	1
C[1269]:	1
C[1270]:	1
C[1271]:	1
C[1272]:	1
C[1273]:	1
C[1274]:	1
C[1275]:	1
C[1276]:	1
C[1277]:	1
C[1278]:	1
C[1279]:	1
C[1280]:	1
C[1281]:	1
C[1282]:	1
C[1283]:	1
C[1284]:	1
C[1285]:	1
C[1286]:	1
C[1287]:	1
C[1288]:	1
C[1289]:	1
C[1290]:	1
C[1291]:	1
C[1292]:	1
C[1293]:	1
C[1294]:	1
C[1295]:	1
C[1296]:	1
C[1297]:	1
C[1298]:	1
C[1299]:	1
C[1300]:	1
C[1301]:	1
C[1302]:	1
C[1303]:	1
C[1304]:	1
C[1305]:	1
C[1306]:	1
C[1307]:	1
C[1308]:	1
C[1309]:	1
C[1310]:	1
C[1311]:	1
C[1312]:	1
C[1313]:	1
C[1314]:	1
C[1315]:	1
C[1316]:	1
C[1317]:	1
C[1318]:	1
C[1319]:	1
C[1320]:	1
C[1321]:	1
C[1322]:	1
C[1323]:	1
C[1324]:	1
C[1325]:	1
C[1326]:	1
C[1327]:	1
C[1328]:	1
C[1329]:	1
C[1330]:	1
C[1331]:	1
C[1332]:	1
C[1333]:	1
C[1334]:	1
C[1335]:	1
C[1336]:	1
C[1337]:	1
C[1338]:	1
C[1339]:	1
C[1340]:	1
C[1341]:	1
C[1342]:	1
C[1343]:	1
C[1344]:	1
C[1345]:	1
C[1346]:	1
C[1347]:	1
C[1348]:	1
C[1349]:	1
C[1350]:	1
C[1351]:	1
C[1352]:	1
C[1353]:	1
C[1354]:	1
C[1355]:	1
C[1356]:	1
C[1357]:	1
C[1358]:	1
C[1359]:	1
C[1360]:	1
C[1361]:	1
C[1362]:	1
C[1363]:	1
C[1364]:	1
C[1365]:	1
C[1366]:	1
C[1367]:	1
C[1368]:	1
C[1369]:	1
C[1370]:	1
C[1371]:	1
C[1372]:	1
C[1373]:	1
C[1374]:	1
C[1375]:	1
C[1376]:	1
C[1377]:	1
C[1378]:	1
C[1379]:	1
C[1380]:	1
C[1381]:	1
C[1382]:	1
C[1383]:	1
C[1384]:	1
C[1385]:	1
C[1386]:	1
C[1387]:	1
C[1388]:	1
C[1389]:	1
C[1390]:	1
C[1391]:	1
C[1392]:	1
C[1393]:	1
C[1394]:	1
C[1395]:	1
C[1396]:	1
C[1397]:	1
C[1398]:	1
C[1399]:	1
C[1400]:	1
C[1401]:	1
C[1402]:	1
C[1403]:	1
C[1404]:	1
C[1405]:	1
C[1406]:	1
C[1407]:	1
C[1408]:	1
C[1409]:	1
C[1410]:	1
C[1411]:	1
C[1412]:	1
C[1413]:	1
C[1414]:	1
C[1415]:	1
C[1416]:	1
C[1417]:	1
C[1418]:	1
C[1419]:	1
C[1420]:	1
C[1421]:	1
C[1422]:	1
C[1423]:	1
C[1424]:	1
C[1425]:	1
C[1426]:	1
C[1427]:	1
C[1428]:	1
C[1429]:	1
C[1430]:	1
C[1431]:	1
C[1432]:	1
C[1433]:	1
C[1434]:	1
C[1435]:	1
C[1436]:	1
C[1437]:	1
C[1438]:	1
C[1439]:	1
C[1440]:	1
C[1441]:	1
C[1442]:	1
C[1443]:	1
C[1444]:	1
C[1445]:	1
C[1446]:	1
C[1447]:	1
C[1448]:	1
C[1449]:	1
C[1450]:	1
C[1451]:	1
C[1452]:	1
C[1453]:	1
C[1454]:	1
C[1455]:	1
C[1456]:	1
C[1457]:	1
C[1458]:	1
C[1459]:	1
C[1460]:	1
C[1461]:	1
C[1462]:	1
C[1463]:	1
C[1464]:	1
C[1465]:	1
C[1466]:	1
C[1467]:	1
C[1468]:	1
C[1469]:	1
C[1470]:	1
C[1471]:	1
C[1472]:	1
C[1473]:	1
C[1474]:	1
C[1475]:	1
C[1476]:	1
C[1477]:	1
C[1478]:	1
C[1479]:	1
C[1480]:	1
C[1481]:	1
C[1482]:	1
C[1483]:	1
C[1484]:	1
C[1485]:	1
C[1486]:	1
C[1487]:	1
C[1488]:	1
C[1489]:	1
C[1490]:	1
C[1491]:	1
C[1492]:	1
C[1493]:	1
C[1494]:	1
C[1495]:	1
C[1496]:	1
C[1497]:	1
C[1498]:	1
C[1499]:	1
C[1500]:	1
C[1501]:	1
C[1502]:	1
C[1503]:	1
C[1504]:	1
C[1505]:	1
C[1506]:	1
C[1507]:	1
C[1508]:	1
C[1509]:	1
C[1510]:	1
C[1511]:	1
C[1512]:	1
C[1513]:	1
C[1514]:	1
C[1515]:	1
C[1516]:	1
C[1517]:	1
C[1518]:	1
C[1519]:	1
C[1520]:	1
C[1521]:	1
C[1522]:	1
C[1523]:	1
C[1524]:	1
C[1525]:	1
C[1526]:	1
C[1527]:	1
C[1528]:	1
C[1529]:	1
C[1530]:	1
C[1531]:	1
C[1532]:	1
C[1533]:	1
C[1534]:	1
C[1535]:	1
C[1536]:	1
C[1537]:	1
C[1538]:	1
C[1539]:	1
C[1540]:	1
C[1541]:	1
C[1542]:	1
C[1543]:	1
C[1544]:	1
C[1545]:	1
C[1546]:	1
C[1547]:	1
C[1548]:	1
C[1549]:	1
C[1550]:	1
C[1551]:	1
C[1552]:	1
C[1553]:	1
C[1554]:	1
C[1555]:	1
C[1556]:	1
C[1557]:	1
C[1558]:	1
C[1559]:	1
C[1560]:	1
C[1561]:	1
C[1562]:	1
C[1563]:	1
C[1564]:	1
C[1565]:	1
C[1566]:	1
C[1567]:	1
C[1568]:	1
C[1569]:	1
C[1570]:	1
C[1571]:	1
C[1572]:	1
C[1573]:	1
C[1574]:	1
C[1575]:	1
C[1576]:	1
C[1577]:	1
C[1578]:	1
C[1579]:	1
C[1580]:	1
C[1581]:	1
C[1582]:	1
C[1583]:	1
C[1584]:	1
C[1585]:	1
C[1586]:	1
C[1587]:	1
C[1588]:	1
C[1589]:	1
C[1590]:	1
C[1591]:	1
C[1592]:	1
C[1593]:	1
C[1594]:	1
C[1595]:	1
C[1596]:	1
C[1597]:	1
C[1598]:	1
C[1599]:	1
C[1600]:	1
C[1601]:	1
C[1602]:	1
C[1603]:	1
C[1604]:	1
C[1605]:	1
C[1606]:	1
C[1607]:	1
C[1608]:	1
C[1609]:	1
C[1610]:	1
C[1611]:	1
C[1612]:	1
C[1613]:	1
C[1614]:	1
C[1615]:	1
C[1616]:	1
C[1617]:	1
C[1618]:	1
C[1619]:	1
C[1620]:	1
C[1621]:	1
C[1622]:	1
C[1623]:	1
C[1624]:	1
C[1625]:	1
C[1626]:	1
C[1627]:	1
C[1628]:	1
C[1629]:	1
C[1630]:	1
C[1631]:	1
C[1632]:	1
C[1633]:	1
C[1634]:	1
C[1635]:	1
C[1636]:	1
C[1637]:	1
C[1638]:	1
C[1639]:	1
C[1640]:	1
C[1641]:	1
C[1642]:	1
C[1643]:	1
C[1644]:	1
C[1645]:	1
C[1646]:	1
C[1647]:	1
C[1648]:	1
C[1649]:	1
C[1650]:	1
C[1651]:	1
C[1652]:	1
C[1653]:	1
C[1654]:	1
C[1655]:	1
C[1656]:	1
C[1657]:	1
C[1658]:	1
C[1659]:	1
C[1660]:	1
C[1661]:	1
C[1662]:	1
C[1663]:	1
C[1664]:	1
C[1665]:	1
C[1666]:	1
C[1667]:	1
C[1668]:	1
C[1669]:	1
C[1670]:	1
C[1671]:	1
C[1672]:	1
C[1673]:	1
C[1674]:	1
C[1675]:	1
C[1676]:	1
C[1677]:	1
C[1678]:	1
C[1679]:	1
C[1680]:	1
C[1681]:	1
C[1682]:	1
C[1683]:	1
C[1684]:	1
C[1685]:	1
C[1686]:	1
C[1687]:	1
C[1688]:	1
C[1689]:	1
C[1690]:	1
C[1691]:	1
C[1692]:	1
C[1693]:	1
C[1694]:	1
C[1695]:	1
C[1696]:	1
C[1697]:	1
C[1698]:	1
C[1699]:	1
C[1700]:	1
C[1701]:	1
C[1702]:	1
C[1703]:	1
C[1704]:	1
C[1705]:	1
C[1706]:	1
C[1707]:	1
C[1708]:	1
C[1709]:	1
C[1710]:	1
C[1711]:	1
C[1712]:	1
C[1713]:	1
C[1714]:	1
C[1715]:	1
C[1716]:	1
C[1717]:	1
C[1718]:	1
C[1719]:	1
C[1720]:	1
C[1721]:	1
C[1722]:	1
C[1723]:	1
C[1724]:	1
C[1725]:	1
C[1726]:	1
C[1727]:	1
C[1728]:	1
C[1729]:	1
C[1730]:	1
C[1731]:	1
C[1732]:	1
C[1733]:	1
C[1734]:	1
C[1735]:	1
C[1736]:	1
C[1737]:	1
C[1738]:	1
C[1739]:	1
C[1740]:	1
C[1741]:	1
C[1742]:	1
C[1743]:	1
C[1744]:	1
C[1745]:	1
C[1746]:	1
C[1747]:	1
C[1748]:	1
C[1749]:	1
C[1750]:	1
C[1751]:	1
C[1752]:	1
C[1753]:	1
C[1754]:	1
C[1755]:	1
C[1756]:	1
C[1757]:	1
C[1758]:	1
C[1759]:	1
C[1760]:	1
C[1761]:	1
C[1762]:	1
C[1763]:	1
C[1764]:	1
C[1765]:	1
C[1766]:	1
C[1767]:	1
C[1768]:	1
C[1769]:	1
C[1770]:	1
C[1771]:	1
C[1772]:	1
C[1773]:	1
C[1774]:	1
C[1775]:	1
C[1776]:	1
C[1777]:	1
C[1778]:	1
C[1779]:	1
C[1780]:	1
C[1781]:	1
C[1782]:	1
C[1783]:	1
C[1784]:	1
C[1785]:	1
C[1786]:	1
C[1787]:	1
C[1788]:	1
C[1789]:	1
C[1790]:	1
C[1791]:	1
C[1792]:	1
C[1793]:	1
C[1794]:	1
C[1795]:	1
C[1796]:	1
C[1797]:	1
C[1798]:	1
C[1799]:	1
C[1800]:	1
C[1801]:	1
C[1802]:	1
C[1803]:	1
C[1804]:	1
C[1805]:	1
C[1806]:	1
C[1807]:	1
C[1808]:	1
C[1809]:	1
C[1810]:	1
C[1811]:	1
C[1812]:	1
C[1813]:	1
C[1814]:	1
C[1815]:	1
C[1816]:	1
C[1817]:	1
C[1818]:	1
C[1819]:	1
C[1820]:	1
C[1821]:	1
C[1822]:	1
C[1823]:	1
C[1824]:	1
C[1825]:	1
C[1826]:	1
C[1827]:	1
C[1828]:	1
C[1829]:	1
C[1830]:	1
C[1831]:	1
C[1832]:	1
C[1833]:	1
C[1834]:	1
C[1835]:	1
C[1836]:	1
C[1837]:	1
C[1838]:	1
C[1839]:	1
C[1840]:	1
C[1841]:	1
C[1842]:	1
C[1843]:	1
C[1844]:	1
C[1845]:	1
C[1846]:	1
C[1847]:	1
C[1848]:	1
C[1849]:	1
C[1850]:	1
C[1851]:	1
C[1852]:	1
C[1853]:	1
C[1854]:	1
C[1855]:	1
C[1856]:	1
C[1857]:	1
C[1858]:	1
C[1859]:	1
C[1860]:	1
C[1861]:	1
C[1862]:	1
C[1863]:	1
C[1864]:	1
C[1865]:	1
C[1866]:	1
C[1867]:	1
C[1868]:	1
C[1869]:	1
C[1870]:	1
C[1871]:	1
C[1872]:	1
C[1873]:	1
C[1874]:	1
C[1875]:	1
C[1876]:	1
C[1877]:	1
C[1878]:	1
C[1879]:	1
C[1880]:	1
C[1881]:	1
C[1882]:	1
C[1883]:	1
C[1884]:	1
C[1885]:	1
C[1886]:	1
C[1887]:	1
C[1888]:	1
C[1889]:	1
C[1890]:	1
C[1891]:	1
C[1892]:	1
C[1893]:	1
C[1894]:	1
C[1895]:	1
C[1896]:	1
C[1897]:	1
C[1898]:	1
C[1899]:	1
C[1900]:	1
C[1901]:	1
C[1902]:	1
C[1903]:	1
C[1904]:	1
C[1905]:	1
C[1906]:	1
C[1907]:	1
C[1908]:	1
C[1909]:	1
C[1910]:	1
C[1911]:	1
C[1912]:	1
C[1913]:	1
C[1914]:	1
C[1915]:	1
C[1916]:	1
C[1917]:	1
C[1918]:	1
C[1919]:	1
C[1920]:	1
C[1921]:	1
C[1922]:	1
C[1923]:	1
C[1924]:	1
C[1925]:	1
C[1926]:	1
C[1927]:	1
C[1928]:	1
C[1929]:	1
C[1930]:	1
C[1931]:	1
C[1932]:	1
C[1933]:	1
C[1934]:	1
C[1935]:	1
C[1936]:	1
C[1937]:	1
C[1938]:	1
C[1939]:	1
C[1940]:	1
C[1941]:	1
C[1942]:	1
C[1943]:	1
C[1944]:	1
C[1945]:	1
C[1946]:	1
C[1947]:	1
C[1948]:	1
C[1949]:	1
C[1950]:	1
C[1951]:	1
C[1952]:	1
C[1953]:	1
C[1954]:	1
C[1955]:	1
C[1956]:	1
C[1957]:	1
C[1958]:	1
C[1959]:	1
C[1960]:	1
C[1961]:	1
C[1962]:	1
C[1963]:	1
C[1964]:	1
C[1965]:	1
C[1966]:	1
C[1967]:	1
C[1968]:	1
C[1969]:	1
C[1970]:	1
C[1971]:	1
C[1972]:	1
C[1973]:	1
C[1974]:	1
C[1975]:	1
C[1976]:	1
C[1977]:	1
C[1978]:	1
C[1979]:	1
C[1980]:	1
C[1981]:	1
C[1982]:	1
C[1983]:	1
C[1984]:	1
C[1985]:	1
C[1986]:	1
C[1987]:	1
C[1988]:	1
C[1989]:	1
C[1990]:	1
C[1991]:	1
C[1992]:	1
C[1993]:	1
C[1994]:	1
C[1995]:	1
C[1996]:	1
C[1997]:	1
C[1998]:	1
C[1999]:	1
C[2000]:	1
C[2001]:	1
C[2002]:	1
C[2003]:	1
C[2004]:	1
C[2005]:	1
C[2006]:	1
C[2007]:	1
C[2008]:	1
C[2009]:	1
C[2010]:	1
C[2011]:	1
C[2012]:	1
C[2013]:	1
C[2014]:	1
C[2015]:	1
C[2016]:	1
C[2017]:	1
C[2018]:	1
C[2019]:	1
C[2020]:	1
C[2021]:	1
C[2022]:	1
C[2023]:	1
C[2024]:	1
C[2025]:	1
C[2026]:	1
C[2027]:	1
C[2028]:	1
C[2029]:	1
C[2030]:	1
C[2031]:	1
C[2032]:	1
C[2033]:	1
C[2034]:	1
C[2035]:	1
C[2036]:	1
C[2037]:	1
C[2038]:	1
C[2039]:	1
C[2040]:	1
C[2041]:	1
C[2042]:	1
C[2043]:	1
C[2044]:	1
C[2045]:	1
C[2046]:	1
C[2047]:	1
C[2048]:	1
C[2049]:	1
C[2050]:	1
C[2051]:	1
C[2052]:	1
C[2053]:	1
C[2054]:	1
C[2055]:	1
C[2056]:	1
C[2057]:	1
C[2058]:	1
C[2059]:	1
C[2060]:	1
C[2061]:	1
C[2062]:	1
C[2063]:	1
C[2064]:	1
C[2065]:	1
C[2066]:	1
C[2067]:	1
C[2068]:	1
C[2069]:	1
C[2070]:	1
C[2071]:	1
C[2072]:	1
C[2073]:	1
C[2074]:	1
C[2075]:	1
C[2076]:	1
C[2077]:	1
C[2078]:	1
C[2079]:	1
C[2080]:	1
C[2081]:	1
C[2082]:	1
C[2083]:	1
C[2084]:	1
C[2085]:	1
C[2086]:	1
C[2087]:	1
C[2088]:	1
C[2089]:	1
C[2090]:	1
C[2091]:	1
C[2092]:	1
C[2093]:	1
C[2094]:	1
C[2095]:	1
C[2096]:	1
C[2097]:	1
C[2098]:	1
C[2099]:	1
C[2100]:	1
C[2101]:	1
C[2102]:	1
C[2103]:	1
C[2104]:	1
C[2105]:	1
C[2106]:	1
C[2107]:	1
C[2108]:	1
C[2109]:	1
C[2110]:	1
C[2111]:	1
C[2112]:	1
C[2113]:	1
C[2114]:	1
C[2115]:	1
C[2116]:	1
C[2117]:	1
C[2118]:	1
C[2119]:	1
C[2120]:	1
C[2121]:	1
C[2122]:	1
C[2123]:	1
C[2124]:	1
C[2125]:	1
C[2126]:	1
C[2127]:	1
C[2128]:	1
C[2129]:	1
C[2130]:	1
C[2131]:	1
C[2132]:	1
C[2133]:	1
C[2134]:	1
C[2135]:	1
C[2136]:	1
C[2137]:	1
C[2138]:	1
C[2139]:	1
C[2140]:	1
C[2141]:	1
C[2142]:	1
C[2143]:	1
C[2144]:	1
C[2145]:	1
C[2146]:	1
C[2147]:	1
C[2148]:	1
C[2149]:	1
C[2150]:	1
C[2151]:	1
C[2152]:	1
C[2153]:	1
C[2154]:	1
C[2155]:	1
C[2156]:	1
C[2157]:	1
C[2158]:	1
C[2159]:	1
C[2160]:	1
C[2161]:	1
C[2162]:	1
C[2163]:	1
C[2164]:	1
C[2165]:	1
C[2166]:	1
C[2167]:	1
C[2168]:	1
C[2169]:	1
C[2170]:	1
C[2171]:	1
C[2172]:	1
C[2173]:	1
C[2174]:	1
C[2175]:	1
C[2176]:	1
C[2177]:	1
C[2178]:	1
C[2179]:	1
C[2180]:	1
C[2181]:	1
C[2182]:	1
C[2183]:	1
C[2184]:	1
C[2185]:	1
C[2186]:	1
C[2187]:	1
C[2188]:	1
C[2189]:	1
C[2190]:	1
C[2191]:	1
C[2192]:	1
C[2193]:	1
C[2194]:	1
C[2195]:	1
C[2196]:	1
C[2197]:	1
C[2198]:	1
C[2199]:	1
C[2200]:	1
C[2201]:	1
C[2202]:	1
C[2203]:	1
C[2204]:	1
C[2205]:	1
C[2206]:	1
C[2207]:	1
C[2208]:	1
C[2209]:	1
C[2210]:	1
C[2211]:	1
C[2212]:	1
C[2213]:	1
C[2214]:	1
C[2215]:	1
C[2216]:	1
C[2217]:	1
C[2218]:	1
C[2219]:	1
C[2220]:	1
C[2221]:	1
C[2222]:	1
C[2223]:	1
C[2224]:	1
C[2225]:	1
C[2226]:	1
C[2227]:	1
C[2228]:	1
C[2229]:	1
C[2230]:	1
C[2231]:	1
C[2232]:	1
C[2233]:	1
C[2234]:	1
C[2235]:	1
C[2236]:	1
C[2237]:	1
C[2238]:	1
C[2239]:	1
C[2240]:	1
C[2241]:	1
C[2242]:	1
C[2243]:	1
C[2244]:	1
C[2245]:	1
C[2246]:	1
C[2247]:	1
C[2248]:	1
C[2249]:	1
C[2250]:	1
C[2251]:	1
C[2252]:	1
C[2253]:	1
C[2254]:	1
C[2255]:	1
C[2256]:	1
C[2257]:	1
C[2258]:	1
C[2259]:	1
C[2260]:	1
C[2261]:	1
C[2262]:	1
C[2263]:	1
C[2264]:	1
C[2265]:	1
C[2266]:	1
C[2267]:	1
C[2268]:	1
C[2269]:	1
C[2270]:	1
C[2271]:	1
C[2272]:	1
C[2273]:	1
C[2274]:	1
C[2275]:	1
C[2276]:	1
C[2277]:	1
C[2278]:	1
C[2279]:	1
C[2280]:	1
C[2281]:	1
C[2282]:	1
C[2283]:	1
C[2284]:	1
C[2285]:	1
C[2286]:	1
C[2287]:	1
C[2288]:	1
C[2289]:	1
C[2290]:	1
C[2291]:	1
C[2292]:	1
C[2293]:	1
C[2294]:	1
C[2295]:	1
C[2296]:	1
C[2297]:	1
C[2298]:	1
C[2299]:	1
C[2300]:	1
C[2301]:	1
C[2302]:	1
C[2303]:	1
C[2304]:	1
C[2305]:	1
C[2306]:	1
C[2307]:	1
C[2308]:	1
C[2309]:	1
C[2310]:	1
C[2311]:	1
C[2312]:	1
C[2313]:	1
C[2314]:	1
C[2315]:	1
C[2316]:	1
C[2317]:	1
C[2318]:	1
C[2319]:	1
C[2320]:	1
C[2321]:	1
C[2322]:	1
C[2323]:	1
C[2324]:	1
C[2325]:	1
C[2326]:	1
C[2327]:	1
C[2328]:	1
C[2329]:	1
C[2330]:	1
C[2331]:	1
C[2332]:	1
C[2333]:	1
C[2334]:	1
C[2335]:	1
C[2336]:	1
C[2337]:	1
C[2338]:	1
C[2339]:	1
C[2340]:	1
C[2341]:	1
C[2342]:	1
C[2343]:	1
C[2344]:	1
C[2345]:	1
C[2346]:	1
C[2347]:	1
C[2348]:	1
C[2349]:	1
C[2350]:	1
C[2351]:	1
C[2352]:	1
C[2353]:	1
C[2354]:	1
C[2355]:	1
C[2356]:	1
C[2357]:	1
C[2358]:	1
C[2359]:	1
C[2360]:	1
C[2361]:	1
C[2362]:	1
C[2363]:	1
C[2364]:	1
C[2365]:	1
C[2366]:	1
C[2367]:	1
C[2368]:	1
C[2369]:	1
C[2370]:	1
C[2371]:	1
C[2372]:	1
C[2373]:	1
C[2374]:	1
C[2375]:	1
C[2376]:	1
C[2377]:	1
C[2378]:	1
C[2379]:	1
C[2380]:	1
C[2381]:	1
C[2382]:	1
C[2383]:	1
C[2384]:	1
C[2385]:	1
C[2386]:	1
C[2387]:	1
C[2388]:	1
C[2389]:	1
C[2390]:	1
C[2391]:	1
C[2392]:	1
C[2393]:	1
C[2394]:	1
C[2395]:	1
C[2396]:	1
C[2397]:	1
C[2398]:	1
C[2399]:	1
C[2400]:	1
C[2401]:	1
C[2402]:	1
C[2403]:	1
C[2404]:	1
C[2405]:	1
C[2406]:	1
C[2407]:	1
C[2408]:	1
C[2409]:	1
C[2410]:	1
C[2411]:	1
C[2412]:	1
C[2413]:	1
C[2414]:	1
C[2415]:	1
C[2416]:	1
C[2417]:	1
C[2418]:	1
C[2419]:	1
C[2420]:	1
C[2421]:	1
C[2422]:	1
C[2423]:	1
C[2424]:	1
C[2425]:	1
C[2426]:	1
C[2427]:	1
C[2428]:	1
C[2429]:	1
C[2430]:	1
C[2431]:	1
C[2432]:	1
C[2433]:	1
C[2434]:	1
C[2435]:	1
C[2436]:	1
C[2437]:	1
C[2438]:	1
C[2439]:	1
C[2440]:	1
C[2441]:	1
C[2442]:	1
C[2443]:	1
C[2444]:	1
C[2445]:	1
C[2446]:	1
C[2447]:	1
C[2448]:	1
C[2449]:	1
C[2450]:	1
C[2451]:	1
C[2452]:	1
C[2453]:	1
C[2454]:	1
C[2455]:	1
C[2456]:	1
C[2457]:	1
C[2458]:	1
C[2459]:	1
C[2460]:	1
C[2461]:	1
C[2462]:	1
C[2463]:	1
C[2464]:	1
C[2465]:	1
C[2466]:	1
C[2467]:	1
C[2468]:	1
C[2469]:	1
C[2470]:	1
C[2471]:	1
C[2472]:	1
C[2473]:	1
C[2474]:	1
C[2475]:	1
C[2476]:	1
C[2477]:	1
C[2478]:	1
C[2479]:	1
C[2480]:	1
C[2481]:	1
C[2482]:	1
C[2483]:	1
C[2484]:	1
C[2485]:	1
C[2486]:	1
C[2487]:	1
C[2488]:	1
C[2489]:	1
C[2490]:	1
C[2491]:	1
C[2492]:	1
C[2493]:	1
C[2494]:	1
C[2495]:	1
C[2496]:	1
C[2497]:	1
C[2498]:	1
C[2499]:	1
C[2500]:	1
C[2501]:	1
C[2502]:	1
C[2503]:	1
C[2504]:	1
C[2505]:	1
C[2506]:	1
C[2507]:	1
C[2508]:	1
C[2509]:	1
C[2510]:	1
C[2511]:	1
C[2512]:	1
C[2513]:	1
C[2514]:	1
C[2515]:	1
C[2516]:	1
C[2517]:	1
C[2518]:	1
C[2519]:	1
C[2520]:	1
C[2521]:	1
C[2522]:	1
C[2523]:	1
C[2524]:	1
C[2525]:	1
C[2526]:	1
C[2527]:	1
C[2528]:	1
C[2529]:	1
C[2530]:	1
C[2531]:	1
C[2532]:	1
C[2533]:	1
C[2534]:	1
C[2535]:	1
C[2536]:	1
C[2537]:	1
C[2538]:	1
C[2539]:	1
C[2540]:	1
C[2541]:	1
C[2542]:	1
C[2543]:	1
C[2544]:	1
C[2545]:	1
C[2546]:	1
C[2547]:	1
C[2548]:	1
C[2549]:	1
C[2550]:	1
C[2551]:	1
C[2552]:	1
C[2553]:	1
C[2554]:	1
C[2555]:	1
C[2556]:	1
C[2557]:	1
C[2558]:	1
C[2559]:	1
C[2560]:	1
C[2561]:	1
C[2562]:	1
C[2563]:	1
C[2564]:	1
C[2565]:	1
C[2566]:	1
C[2567]:	1
C[2568]:	1
C[2569]:	1
C[2570]:	1
C[2571]:	1
C[2572]:	1
C[2573]:	1
C[2574]:	1
C[2575]:	1
C[2576]:	1
C[2577]:	1
C[2578]:	1
C[2579]:	1
C[2580]:	1
C[2581]:	1
C[2582]:	1
C[2583]:	1
C[2584]:	1
C[2585]:	1
C[2586]:	1
C[2587]:	1
C[2588]:	1
C[2589]:	1
C[2590]:	1
C[2591]:	1
C[2592]:	1
C[2593]:	1
C[2594]:	1
C[2595]:	1
C[2596]:	1
C[2597]:	1
C[2598]:	1
C[2599]:	1
C[2600]:	1
C[2601]:	1
C[2602]:	1
C[2603]:	1
C[2604]:	1
C[2605]:	1
C[2606]:	1
C[2607]:	1
C[2608]:	1
C[2609]:	1
C[2610]:	1
C[2611]:	1
C[2612]:	1
C[2613]:	1
C[2614]:	1
C[2615]:	1
C[2616]:	1
C[2617]:	1
C[2618]:	1
C[2619]:	1
C[2620]:	1
C[2621]:	1
C[2622]:	1
C[2623]:	1
C[2624]:	1
C[2625]:	1
C[2626]:	1
C[2627]:	1
C[2628]:	1
C[2629]:	1
C[2630]:	1
C[2631]:	1
C[2632]:	1
C[2633]:	1
C[2634]:	1
C[2635]:	1
C[2636]:	1
C[2637]:	1
C[2638]:	1
C[2639]:	1
C[2640]:	1
C[2641]:	1
C[2642]:	1
C[2643]:	1
C[2644]:	1
C[2645]:	1
C[2646]:	1
C[2647]:	1
C[2648]:	1
C[2649]:	1
C[2650]:	1
C[2651]:	1
C[2652]:	1
C[2653]:	1
C[2654]:	1
C[2655]:	1
C[2656]:	1
C[2657]:	1
C[2658]:	1
C[2659]:	1
C[2660]:	1
C[2661]:	1
C[2662]:	1
C[2663]:	1
C[2664]:	1
C[2665]:	1
C[2666]:	1
C[2667]:	1
C[2668]:	1
C[2669]:	1
C[2670]:	1
C[2671]:	1
C[2672]:	1
C[2673]:	1
C[2674]:	1
C[2675]:	1
C[2676]:	1
C[2677]:	1
C[2678]:	1
C[2679]:	1
C[2680]:	1
C[2681]:	1
C[2682]:	1
C[2683]:	1
C[2684]:	1
C[2685]:	1
C[2686]:	1
C[2687]:	1
C[2688]:	1
C[2689]:	1
C[2690]:	1
C[2691]:	1
C[2692]:	1
C[2693]:	1
C[2694]:	1
C[2695]:	1
C[2696]:	1
C[2697]:	1
C[2698]:	1
C[2699]:	1
C[2700]:	1
C[2701]:	1
C[2702]:	1
C[2703]:	1
C[2704]:	1
C[2705]:	1
C[2706]:	1
C[2707]:	1
C[2708]:	1
C[2709]:	1
C[2710]:	1
C[2711]:	1
C[2712]:	1
C[2713]:	1
C[2714]:	1
C[2715]:	1
C[2716]:	1
C[2717]:	1
C[2718]:	1
C[2719]:	1
C[2720]:	1
C[2721]:	1
C[2722]:	1
C[2723]:	1
C[2724]:	1
C[2725]:	1
C[2726]:	1
C[2727]:	1
C[2728]:	1
C[2729]:	1
C[2730]:	1
C[2731]:	1
C[2732]:	1
C[2733]:	1
C[2734]:	1
C[2735]:	1
C[2736]:	1
C[2737]:	1
C[2738]:	1
C[2739]:	1
C[2740]:	1
C[2741]:	1
C[2742]:	1
C[2743]:	1
C[2744]:	1
C[2745]:	1
C[2746]:	1
C[2747]:	1
C[2748]:	1
C[2749]:	1
C[2750]:	1
C[2751]:	1
C[2752]:	1
C[2753]:	1
C[2754]:	1
C[2755]:	1
C[2756]:	1
C[2757]:	1
C[2758]:	1
C[2759]:	1
C[2760]:	1
C[2761]:	1
C[2762]:	1
C[2763]:	1
C[2764]:	1
C[2765]:	1
C[2766]:	1
C[2767]:	1
C[2768]:	1
C[2769]:	1
C[2770]:	1
C[2771]:	1
C[2772]:	1
C[2773]:	1
C[2774]:	1
C[2775]:	1
C[2776]:	1
C[2777]:	1
C[2778]:	1
C[2779]:	1
C[2780]:	1
C[2781]:	1
C[2782]:	1
C[2783]:	1
C[2784]:	1
C[2785]:	1
C[2786]:	1
C[2787]:	1
C[2788]:	1
C[2789]:	1
C[2790]:	1
C[2791]:	1
C[2792]:	1
C[2793]:	1
C[2794]:	1
C[2795]:	1
C[2796]:	1
C[2797]:	1
C[2798]:	1
C[2799]:	1
C[2800]:	1
C[2801]:	1
C[2802]:	1
C[2803]:	1
C[2804]:	1
C[2805]:	1
C[2806]:	1
C[2807]:	1
C[2808]:	1
C[2809]:	1
C[2810]:	1
C[2811]:	1
C[2812]:	1
C[2813]:	1
C[2814]:	1
C[2815]:	1
C[2816]:	1
C[2817]:	1
C[2818]:	1
C[2819]:	1
C[2820]:	1
C[2821]:	1
C[2822]:	1
C[2823]:	1
C[2824]:	1
C[2825]:	1
C[2826]:	1
C[2827]:	1
C[2828]:	1
C[2829]:	1
C[2830]:	1
C[2831]:	1
C[2832]:	1
C[2833]:	1
C[2834]:	1
C[2835]:	1
C[2836]:	1
C[2837]:	1
C[2838]:	1
C[2839]:	1
C[2840]:	1
C[2841]:	1
C[2842]:	1
C[2843]:	1
C[2844]:	1
C[2845]:	1
C[2846]:	1
C[2847]:	1
C[2848]:	1
C[2849]:	1
C[2850]:	1
C[2851]:	1
C[2852]:	1
C[2853]:	1
C[2854]:	1
C[2855]:	1
C[2856]:	1
C[2857]:	1
C[2858]:	1
C[2859]:	1
C[2860]:	1
C[2861]:	1
C[2862]:	1
C[2863]:	1
C[2864]:	1
C[2865]:	1
C[2866]:	1
C[2867]:	1
C[2868]:	1
C[2869]:	1
C[2870]:	1
C[2871]:	1
C[2872]:	1
C[2873]:	1
C[2874]:	1
C[2875]:	1
C[2876]:	1
C[2877]:	1
C[2878]:	1
C[2879]:	1
C[2880]:	1
C[2881]:	1
C[2882]:	1
C[2883]:	1
C[2884]:	1
C[2885]:	1
C[2886]:	1
C[2887]:	1
C[2888]:	1
C[2889]:	1
C[2890]:	1
C[2891]:	1
C[2892]:	1
C[2893]:	1
C[2894]:	1
C[2895]:	1
C[2896]:	1
C[2897]:	1
C[2898]:	1
C[2899]:	1
C[2900]:	1
C[2901]:	1
C[2902]:	1
C[2903]:	1
C[2904]:	1
C[2905]:	1
C[2906]:	1
C[2907]:	1
C[2908]:	1
C[2909]:	1
C[2910]:	1
C[2911]:	1
C[2912]:	1
C[2913]:	1
C[2914]:	1
C[2915]:	1
C[2916]:	1
C[2917]:	1
C[2918]:	1
C[2919]:	1
C[2920]:	1
C[2921]:	1
C[2922]:	1
C[2923]:	1
C[2924]:	1
C[2925]:	1
C[2926]:	1
C[2927]:	1
C[2928]:	1
C[2929]:	1
C[2930]:	1
C[2931]:	1
C[2932]:	1
C[2933]:	1
C[2934]:	1
C[2935]:	1
C[2936]:	1
C[2937]:	1
C[2938]:	1
C[2939]:	1
C[2940]:	1
C[2941]:	1
C[2942]:	1
C[2943]:	1
C[2944]:	1
C[2945]:	1
C[2946]:	1
C[2947]:	1
C[2948]:	1
C[2949]:	1
C[2950]:	1
C[2951]:	1
C[2952]:	1
C[2953]:	1
C[2954]:	1
C[2955]:	1
C[2956]:	1
C[2957]:	1
C[2958]:	1
C[2959]:	1
C[2960]:	1
C[2961]:	1
C[2962]:	1
C[2963]:	1
C[2964]:	1
C[2965]:	1
C[2966]:	1
C[2967]:	1
C[2968]:	1
C[2969]:	1
C[2970]:	1
C[2971]:	1
C[2972]:	1
C[2973]:	1
C[2974]:	1
C[2975]:	1
C[2976]:	1
C[2977]:	1
C[2978]:	1
C[2979]:	1
C[2980]:	1
C[2981]:	1
C[2982]:	1
C[2983]:	1
C[2984]:	1
C[2985]:	1
C[2986]:	1
C[2987]:	1
C[2988]:	1
C[2989]:	1
C[2990]:	1
C[2991]:	1
C[2992]:	1
C[2993]:	1
C[2994]:	1
C[2995]:	1
C[2996]:	1
C[2997]:	1
C[2998]:	1
C[2999]:	1
C[3000]:	1
C[3001]:	1
C[3002]:	1
C[3003]:	1
C[3004]:	1
C[3005]:	1
C[3006]:	1
C[3007]:	1
C[3008]:	1
C[3009]:	1
C[3010]:	1
C[3011]:	1
C[3012]:	1
C[3013]:	1
C[3014]:	1
C[3015]:	1
C[3016]:	1
C[3017]:	1
C[3018]:	1
C[3019]:	1
C[3020]:	1
C[3021]:	1
C[3022]:	1
C[3023]:	1
C[3024]:	1
C[3025]:	1
C[3026]:	1
C[3027]:	1
C[3028]:	1
C[3029]:	1
C[3030]:	1
C[3031]:	1
C[3032]:	1
C[3033]:	1
C[3034]:	1
C[3035]:	1
C[3036]:	1
C[3037]:	1
C[3038]:	1
C[3039]:	1
C[3040]:	1
C[3041]:	1
C[3042]:	1
C[3043]:	1
C[3044]:	1
C[3045]:	1
C[3046]:	1
C[3047]:	1
C[3048]:	1
C[3049]:	1
C[3050]:	1
C[3051]:	1
C[3052]:	1
C[3053]:	1
C[3054]:	1
C[3055]:	1
C[3056]:	1
C[3057]:	1
C[3058]:	1
C[3059]:	1
C[3060]:	1
C[3061]:	1
C[3062]:	1
C[3063]:	1
C[3064]:	1
C[3065]:	1
C[3066]:	1
C[3067]:	1
C[3068]:	1
C[3069]:	1
C[3070]:	1
C[3071]:	1
C[3072]:	1
C[3073]:	1
C[3074]:	1
C[3075]:	1
C[3076]:	1
C[3077]:	1
C[3078]:	1
C[3079]:	1
C[3080]:	1
C[3081]:	1
C[3082]:	1
C[3083]:	1
C[3084]:	1
C[3085]:	1
C[3086]:	1
C[3087]:	1
C[3088]:	1
C[3089]:	1
C[3090]:	1
C[3091]:	1
C[3092]:	1
C[3093]:	1
C[3094]:	1
C[3095]:	1
C[3096]:	1
C[3097]:	1
C[3098]:	1
C[3099]:	1
C[3100]:	1
C[3101]:	1
C[3102]:	1
C[3103]:	1
C[3104]:	1
C[3105]:	1
C[3106]:	1
C[3107]:	1
C[3108]:	1
C[3109]:	1
C[3110]:	1
C[3111]:	1
C[3112]:	1
C[3113]:	1
C[3114]:	1
C[3115]:	1
C[3116]:	1
C[3117]:	1
C[3118]:	1
C[3119]:	1
C[3120]:	1
C[3121]:	1
C[3122]:	1
C[3123]:	1
C[3124]:	1
C[3125]:	1
C[3126]:	1
C[3127]:	1
C[3128]:	1
C[3129]:	1
C[3130]:	1
C[3131]:	1
C[3132]:	1
C[3133]:	1
C[3134]:	1
C[3135]:	1
C[3136]:	1
C[3137]:	1
C[3138]:	1
C[3139]:	1
C[3140]:	1
C[3141]:	1
C[3142]:	1
C[3143]:	1
C[3144]:	1
C[3145]:	1
C[3146]:	1
C[3147]:	1
C[3148]:	1
C[3149]:	1
C[3150]:	1
C[3151]:	1
C[3152]:	1
C[3153]:	1
C[3154]:	1
C[3155]:	1
C[3156]:	1
C[3157]:	1
C[3158]:	1
C[3159]:	1
C[3160]:	1
C[3161]:	1
C[3162]:	1
C[3163]:	1
C[3164]:	1
C[3165]:	1
C[3166]:	1
C[3167]:	1
C[3168]:	1
C[3169]:	1
C[3170]:	1
C[3171]:	1
C[3172]:	1
C[3173]:	1
C[3174]:	1
C[3175]:	1
C[3176]:	1
C[3177]:	1
C[3178]:	1
C[3179]:	1
C[3180]:	1
C[3181]:	1
C[3182]:	1
C[3183]:	1
C[3184]:	1
C[3185]:	1
C[3186]:	1
C[3187]:	1
C[3188]:	1
C[3189]:	1
C[3190]:	1
C[3191]:	1
C[3192]:	1
C[3193]:	1
C[3194]:	1
C[3195]:	1
C[3196]:	1
C[3197]:	1
C[3198]:	1
C[3199]:	1
C[3200]:	1
C[3201]:	1
C[3202]:	1
C[3203]:	1
C[3204]:	1
C[3205]:	1
C[3206]:	1
C[3207]:	1
C[3208]:	1
C[3209]:	1
C[3210]:	1
C[3211]:	1
C[3212]:	1
C[3213]:	1
C[3214]:	1
C[3215]:	1
C[3216]:	1
C[3217]:	1
C[3218]:	1
C[3219]:	1
C[3220]:	1
C[3221]:	1
C[3222]:	1
C[3223]:	1
C[3224]:	1
C[3225]:	1
C[3226]:	1
C[3227]:	1
C[3228]:	1
C[3229]:	1
C[3230]:	1
C[3231]:	1
C[3232]:	1
C[3233]:	1
C[3234]:	1
C[3235]:	1
C[3236]:	1
C[3237]:	1
C[3238]:	1
C[3239]:	1
C[3240]:	1
C[3241]:	1
C[3242]:	1
C[3243]:	1
C[3244]:	1
C[3245]:	1
C[3246]:	1
C[3247]:	1
C[3248]:	1
C[3249]:	1
C[3250]:	1
C[3251]:	1
C[3252]:	1
C[3253]:	0
C[3254]:	0
C[3255]:	0
C[3256]:	1
C[3257]:	1
C[3258]:	1
C[3259]:	0
C[3260]:	0
C[3261]:	0
C[3262]:	0
C[3263]:	0
C[3264]:	0
C[3265]:	0
C[3266]:	1
C[3267]:	1
C[3268]:	1
C[3269]:	1
C[3270]:	1
C[3271]:	1
C[3272]:	0
C[3273]:	1
C[3274]:	1
C[3275]:	1
C[3276]:	0
C[3277]:	1
C[3278]:	1
C[3279]:	1
C[3280]:	1
C[3281]:	1
C[3282]:	1
C[3283]:	0
C[3284]:	1
C[3285]:	1
C[3286]:	1
C[3287]:	1
C[3288]:	0
C[3289]:	1
C[3290]:	1
C[3291]:	1
C[3292]:	1
C[3293]:	1
C[3294]:	0
C[3295]:	1
C[3296]:	1
C[3297]:	1
C[3298]:	0
C[3299]:	0
C[3300]:	1
C[3301]:	1
C[3302]:	1
C[3303]:	1
C[3304]:	1
C[3305]:	1
C[3306]:	1
C[3307]:	1
C[3308]:	1
C[3309]:	1
C[3310]:	1
C[3311]:	1
C[3312]:	1
C[3313]:	1
C[3314]:	1
C[3315]:	1
C[3316]:	1
C[3317]:	1
C[3318]:	1
C[3319]:	1
C[3320]:	1
C[3321]:	1
C[3322]:	1
C[3323]:	1
C[3324]:	1
C[3325]:	1
C[3326]:	1
C[3327]:	1
C[3328]:	1
C[3329]:	1
C[3330]:	1
C[3331]:	1
C[3332]:	1
C[3333]:	1
C[3334]:	1
C[3335]:	1
C[3336]:	1
C[3337]:	1
C[3338]:	1
C[3339]:	1
C[3340]:	1
C[3341]:	1
C[3342]:	1
C[3343]:	1
C[3344]:	1
C[3345]:	1
C[3346]:	1
C[3347]:	1
C[3348]:	1
C[3349]:	1
C[3350]:	1
C[3351]:	1
C[3352]:	1
C[3353]:	1
C[3354]:	1
C[3355]:	1
C[3356]:	1
C[3357]:	1
C[3358]:	1
C[3359]:	1
C[3360]:	1
C[3361]:	1
C[3362]:	1
C[3363]:	1
C[3364]:	1
C[3365]:	1
C[3366]:	1
C[3367]:	1
C[3368]:	1
C[3369]:	1
C[3370]:	1
C[3371]:	1
C[3372]:	1
C[3373]:	1
C[3374]:	1
C[3375]:	1
C[3376]:	1
C[3377]:	1
C[3378]:	1
C[3379]:	1
C[3380]:	1
C[3381]:	1
C[3382]:	1
C[3383]:	1
C[3384]:	1
C[3385]:	1
C[3386]:	1
C[3387]:	1
C[3388]:	1
C[3389]:	1
C[3390]:	1
C[3391]:	1
C[3392]:	1
C[3393]:	1
C[3394]:	1
C[3395]:	1
C[3396]:	1
C[3397]:	1
C[3398]:	1
C[3399]:	1
C[3400]:	1
C[3401]:	1
C[3402]:	1
C[3403]:	1
C[3404]:	1
C[3405]:	1
C[3406]:	1
C[3407]:	1
C[3408]:	1
C[3409]:	1
C[3410]:	1
C[3411]:	1
C[3412]:	1
C[3413]:	1
C[3414]:	1
C[3415]:	1
C[3416]:	1
C[3417]:	1
C[3418]:	1
C[3419]:	1
C[3420]:	1
C[3421]:	1
C[3422]:	1
C[3423]:	1
C[3424]:	1
C[3425]:	1
C[3426]:	1
C[3427]:	1
C[3428]:	1
C[3429]:	1
C[3430]:	1
C[3431]:	1
C[3432]:	1
C[3433]:	1
C[3434]:	1
C[3435]:	1
C[3436]:	1
C[3437]:	1
C[3438]:	1
C[3439]:	1
C[3440]:	1
C[3441]:	1
C[3442]:	1
C[3443]:	1
C[3444]:	1
C[3445]:	1
C[3446]:	1
C[3447]:	1
C[3448]:	1
C[3449]:	1
C[3450]:	1
C[3451]:	1
C[3452]:	1
C[3453]:	1
C[3454]:	1
C[3455]:	1
C[3456]:	1
C[3457]:	1
C[3458]:	1
C[3459]:	1
C[3460]:	1
C[3461]:	1
C[3462]:	1
C[3463]:	1
C[3464]:	1
C[3465]:	1
C[3466]:	1
C[3467]:	1
C[3468]:	1
C[3469]:	1
C[3470]:	1
C[3471]:	1
C[3472]:	1
C[3473]:	1
C[3474]:	1
C[3475]:	1
C[3476]:	1
C[3477]:	1
C[3478]:	1
C[3479]:	1
C[3480]:	1
C[3481]:	1
C[3482]:	1
C[3483]:	1
C[3484]:	1
C[3485]:	1
C[3486]:	1
C[3487]:	1
C[3488]:	1
C[3489]:	1
C[3490]:	1
C[3491]:	1
C[3492]:	1
C[3493]:	1
C[3494]:	1
C[3495]:	1
C[3496]:	1
C[3497]:	1
C[3498]:	1
C[3499]:	1
C[3500]:	1
C[3501]:	1
C[3502]:	1
C[3503]:	1
C[3504]:	1
C[3505]:	1
C[3506]:	1
C[3507]:	1
C[3508]:	1
C[3509]:	1
C[3510]:	1
C[3511]:	1
C[3512]:	1
C[3513]:	1
C[3514]:	1
C[3515]:	1
C[3516]:	1
C[3517]:	1
C[3518]:	1
C[3519]:	1
C[3520]:	1
C[3521]:	1
C[3522]:	1
C[3523]:	1
C[3524]:	1
C[3525]:	1
C[3526]:	1
C[3527]:	1
C[3528]:	1
C[3529]:	1
C[3530]:	1
C[3531]:	1
C[3532]:	1
C[3533]:	1
C[3534]:	1
C[3535]:	1
C[3536]:	1
C[3537]:	1
C[3538]:	1
C[3539]:	1
C[3540]:	1
C[3541]:	1
C[3542]:	1
C[3543]:	1
C[3544]:	1
C[3545]:	1
C[3546]:	1
C[3547]:	1
C[3548]:	1
C[3549]:	1
C[3550]:	1
C[3551]:	1
C[3552]:	1
C[3553]:	1
C[3554]:	1
C[3555]:	1
C[3556]:	1
C[3557]:	1
C[3558]:	1
C[3559]:	1
C[3560]:	1
C[3561]:	1
C[3562]:	1
C[3563]:	1
C[3564]:	1
C[3565]:	1
C[3566]:	1
C[3567]:	1
C[3568]:	1
C[3569]:	1
C[3570]:	1
C[3571]:	1
C[3572]:	1
C[3573]:	1
C[3574]:	1
C[3575]:	1
C[3576]:	1
C[3577]:	1
C[3578]:	1
C[3579]:	1
C[3580]:	1
C[3581]:	1
C[3582]:	1
C[3583]:	1
C[3584]:	1
C[3585]:	1
C[3586]:	1
C[3587]:	1
C[3588]:	1
C[3589]:	1
C[3590]:	1
C[3591]:	1
C[3592]:	1
C[3593]:	1
C[3594]:	1
C[3595]:	1
C[3596]:	1
C[3597]:	1
C[3598]:	1
C[3599]:	1
C[3600]:	1
C[3601]:	1
C[3602]:	1
C[3603]:	1
C[3604]:	1
C[3605]:	1
C[3606]:	1
C[3607]:	1
C[3608]:	1
C[3609]:	1
C[3610]:	1
C[3611]:	1
C[3612]:	1
C[3613]:	1
C[3614]:	1
C[3615]:	1
C[3616]:	1
C[3617]:	1
C[3618]:	1
C[3619]:	1
C[3620]:	1
C[3621]:	1
C[3622]:	1
C[3623]:	1
C[3624]:	1
C[3625]:	1
C[3626]:	1
C[3627]:	1
C[3628]:	1
C[3629]:	1
C[3630]:	1
C[3631]:	1
C[3632]:	1
C[3633]:	1
C[3634]:	1
C[3635]:	1
C[3636]:	1
C[3637]:	1
C[3638]:	1
C[3639]:	1
C[3640]:	1
C[3641]:	1
C[3642]:	1
C[3643]:	1
C[3644]:	1
C[3645]:	1
C[3646]:	1
C[3647]:	1
C[3648]:	1
C[3649]:	1
C[3650]:	1
C[3651]:	1
C[3652]:	1
C[3653]:	1
C[3654]:	1
C[3655]:	1
C[3656]:	1
C[3657]:	1
C[3658]:	1
C[3659]:	1
C[3660]:	1
C[3661]:	1
C[3662]:	1
C[3663]:	1
C[3664]:	1
C[3665]:	1
C[3666]:	1
C[3667]:	1
C[3668]:	1
C[3669]:	1
C[3670]:	1
C[3671]:	1
C[3672]:	1
C[3673]:	1
C[3674]:	1
C[3675]:	1
C[3676]:	1
C[3677]:	1
C[3678]:	1
C[3679]:	1
C[3680]:	1
C[3681]:	1
C[3682]:	1
C[3683]:	1
C[3684]:	1
C[3685]:	1
C[3686]:	1
C[3687]:	1
C[3688]:	1
C[3689]:	1
C[3690]:	1
C[3691]:	1
C[3692]:	1
C[3693]:	1
C[3694]:	1
C[3695]:	1
C[3696]:	1
C[3697]:	1
C[3698]:	1
C[3699]:	1
C[3700]:	1
C[3701]:	1
C[3702]:	1
C[3703]:	1
C[3704]:	1
C[3705]:	1
C[3706]:	1
C[3707]:	1
C[3708]:	1
C[3709]:	1
C[3710]:	1
C[3711]:	1
C[3712]:	1
C[3713]:	1
C[3714]:	1
C[3715]:	1
C[3716]:	1
C[3717]:	1
C[3718]:	1
C[3719]:	1
C[3720]:	1
C[3721]:	1
C[3722]:	1
C[3723]:	1
C[3724]:	1
C[3725]:	1
C[3726]:	1
C[3727]:	1
C[3728]:	1
C[3729]:	1
C[3730]:	1
C[3731]:	1
C[3732]:	1
C[3733]:	1
C[3734]:	1
C[3735]:	1
C[3736]:	1
C[3737]:	1
C[3738]:	1
C[3739]:	1
C[3740]:	1
C[3741]:	1
C[3742]:	1
C[3743]:	1
C[3744]:	1
C[3745]:	1
C[3746]:	1
C[3747]:	1
C[3748]:	1
C[3749]:	1
C[3750]:	1
C[3751]:	1
C[3752]:	1
C[3753]:	1
C[3754]:	1
C[3755]:	1
C[3756]:	1
C[3757]:	1
C[3758]:	1
C[3759]:	1
C[3760]:	1
C[3761]:	1
C[3762]:	1
C[3763]:	1
C[3764]:	1
C[3765]:	1
C[3766]:	1
C[3767]:	1
C[3768]:	1
C[3769]:	1
C[3770]:	1
C[3771]:	1
C[3772]:	1
C[3773]:	1
C[3774]:	1
C[3775]:	1
C[3776]:	1
C[3777]:	1
C[3778]:	1
C[3779]:	1
C[3780]:	1
C[3781]:	1
C[3782]:	1
C[3783]:	1
C[3784]:	1
C[3785]:	1
C[3786]:	1
C[3787]:	1
C[3788]:	1
C[3789]:	1
C[3790]:	1
C[3791]:	1
C[3792]:	1
C[3793]:	1
C[3794]:	1
C[3795]:	1
C[3796]:	1
C[3797]:	1
C[3798]:	1
C[3799]:	1
C[3800]:	1
C[3801]:	1
C[3802]:	1
C[3803]:	1
C[3804]:	1
C[3805]:	1
C[3806]:	1
C[3807]:	1
C[3808]:	1
C[3809]:	1
C[3810]:	1
C[3811]:	1
C[3812]:	1
C[3813]:	1
C[3814]:	1
C[3815]:	1
C[3816]:	1
C[3817]:	1
C[3818]:	1
C[3819]:	1
C[3820]:	1
C[3821]:	1
C[3822]:	1
C[3823]:	1
C[3824]:	1
C[3825]:	1
C[3826]:	1
C[3827]:	1
C[3828]:	1
C[3829]:	1
C[3830]:	1
C[3831]:	1
C[3832]:	1
C[3833]:	1
C[3834]:	1
C[3835]:	1
C[3836]:	1
C[3837]:	1
C[3838]:	1
C[3839]:	1
C[3840]:	1
C[3841]:	1
C[3842]:	1
C[3843]:	1
C[3844]:	1
C[3845]:	1
C[3846]:	1
C[3847]:	1
C[3848]:	1
C[3849]:	1
C[3850]:	1
C[3851]:	1
C[3852]:	1
C[3853]:	1
C[3854]:	1
C[3855]:	1
C[3856]:	1
C[3857]:	1
C[3858]:	1
C[3859]:	1
C[3860]:	1
C[3861]:	1
C[3862]:	1
C[3863]:	1
C[3864]:	1
C[3865]:	1
C[3866]:	1
C[3867]:	1
C[3868]:	1
C[3869]:	1
C[3870]:	1
C[3871]:	1
C[3872]:	1
C[3873]:	1
C[3874]:	1
C[3875]:	1
C[3876]:	1
C[3877]:	1
C[3878]:	1
C[3879]:	1
C[3880]:	1
C[3881]:	1
C[3882]:	1
C[3883]:	1
C[3884]:	1
C[3885]:	1
C[3886]:	1
C[3887]:	1
C[3888]:	1
C[3889]:	1
C[3890]:	1
C[3891]:	1
C[3892]:	1
C[3893]:	1
C[3894]:	1
C[3895]:	1
C[3896]:	1
C[3897]:	1
C[3898]:	1
C[3899]:	1
C[3900]:	1
C[3901]:	1
C[3902]:	1
C[3903]:	1
C[3904]:	1
C[3905]:	1
C[3906]:	1
C[3907]:	1
C[3908]:	1
C[3909]:	1
C[3910]:	1
C[3911]:	1
C[3912]:	1
C[3913]:	1
C[3914]:	1
C[3915]:	1
C[3916]:	1
C[3917]:	1
C[3918]:	1
C[3919]:	1
C[3920]:	1
C[3921]:	1
C[3922]:	1
C[3923]:	1
C[3924]:	1
C[3925]:	1
C[3926]:	1
C[3927]:	1
C[3928]:	1
C[3929]:	1
C[3930]:	1
C[3931]:	1
C[3932]:	1
C[3933]:	1
C[3934]:	1
C[3935]:	1
C[3936]:	1
C[3937]:	1
C[3938]:	1
C[3939]:	1
C[3940]:	1
C[3941]:	1
C[3942]:	1
C[3943]:	1
C[3944]:	1
C[3945]:	1
C[3946]:	1
C[3947]:	1
C[3948]:	1
C[3949]:	1
C[3950]:	1
C[3951]:	1
C[3952]:	1
C[3953]:	1
C[3954]:	1
C[3955]:	1
C[3956]:	1
C[3957]:	1
C[3958]:	1
C[3959]:	1
C[3960]:	1
C[3961]:	1
C[3962]:	1
C[3963]:	1
C[3964]:	1
C[3965]:	1
C[3966]:	1
C[3967]:	1
C[3968]:	1
C[3969]:	1
C[3970]:	1
C[3971]:	1
C[3972]:	1
C[3973]:	1
C[3974]:	1
C[3975]:	1
C[3976]:	1
C[3977]:	1
C[3978]:	1
C[3979]:	1
C[3980]:	1
C[3981]:	1
C[3982]:	1
C[3983]:	1
C[3984]:	1
C[3985]:	1
C[3986]:	1
C[3987]:	1
C[3988]:	1
C[3989]:	1
C[3990]:	1
C[3991]:	1
C[3992]:	1
C[3993]:	1
C[3994]:	1
C[3995]:	1
C[3996]:	1
C[3997]:	1
C[3998]:	1
C[3999]:	1
C[4000]:	1
C[4001]:	1
C[4002]:	1
C[4003]:	1
C[4004]:	1
C[4005]:	1
C[4006]:	1
C[4007]:	1
C[4008]:	1
C[4009]:	1
C[4010]:	1
C[4011]:	1
C[4012]:	1
C[4013]:	1
C[4014]:	1
C[4015]:	1
C[4016]:	1
C[4017]:	1
C[4018]:	1
C[4019]:	1
C[4020]:	1
C[4021]:	1
C[4022]:	1
C[4023]:	1
C[4024]:	1
C[4025]:	1
C[4026]:	1
C[4027]:	1
C[4028]:	1
C[4029]:	1
C[4030]:	1
C[4031]:	1
C[4032]:	1
C[4033]:	1
C[4034]:	1
C[4035]:	1
C[4036]:	1
C[4037]:	1
C[4038]:	1
C[4039]:	1
C[4040]:	1
C[4041]:	1
C[4042]:	1
C[4043]:	1
C[4044]:	1
C[4045]:	1
C[4046]:	1
C[4047]:	1
C[4048]:	1
C[4049]:	1
C[4050]:	1
C[4051]:	1
C[4052]:	1
C[4053]:	1
C[4054]:	1
C[4055]:	1
C[4056]:	1
C[4057]:	1
C[4058]:	1
C[4059]:	1
C[4060]:	1
C[4061]:	1
C[4062]:	1
C[4063]:	1
C[4064]:	1
C[4065]:	1
C[4066]:	1
C[4067]:	1
C[4068]:	1
C[4069]:	1
C[4070]:	1
C[4071]:	1
C[4072]:	1
C[4073]:	1
C[4074]:	1
C[4075]:	1
C[4076]:	1
C[4077]:	1
C[4078]:	1
C[4079]:	1
C[4080]:	1
C[4081]:	1
C[4082]:	1
C[4083]:	1
C[4084]:	1
C[4085]:	1
C[4086]:	1
C[4087]:	1
C[4088]:	1
C[4089]:	1
C[4090]:	1
C[4091]:	1
C[4092]:	1
C[4093]:	1
C[4094]:	1
C[4095]:	1
C[4096]:	1
C[4097]:	1
C[4098]:	1
C[4099]:	1
C[4100]:	1
C[4101]:	1
C[4102]:	1
C[4103]:	1
C[4104]:	1
C[4105]:	1
C[4106]:	1
C[4107]:	1
C[4108]:	1
C[4109]:	1
C[4110]:	1
C[4111]:	1
C[4112]:	1
C[4113]:	1
C[4114]:	1
C[4115]:	1
C[4116]:	1
C[4117]:	1
C[4118]:	1
C[4119]:	1
C[4120]:	1
C[4121]:	1
C[4122]:	1
C[4123]:	1
C[4124]:	1
C[4125]:	1
C[4126]:	1
C[4127]:	1
C[4128]:	1
C[4129]:	1
C[4130]:	1
C[4131]:	1
C[4132]:	1
C[4133]:	1
C[4134]:	1
C[4135]:	1
C[4136]:	1
C[4137]:	1
C[4138]:	1
C[4139]:	1
C[4140]:	1
C[4141]:	1
C[4142]:	1
C[4143]:	1
C[4144]:	1
C[4145]:	1
C[4146]:	1
C[4147]:	1
C[4148]:	1
C[4149]:	1
C[4150]:	1
C[4151]:	1
C[4152]:	1
C[4153]:	1
C[4154]:	1
C[4155]:	1
C[4156]:	1
C[4157]:	1
C[4158]:	1
C[4159]:	1
C[4160]:	1
C[4161]:	1
C[4162]:	1
C[4163]:	1
C[4164]:	1
C[4165]:	1
C[4166]:	1
C[4167]:	1
C[4168]:	1
C[4169]:	1
C[4170]:	1
C[4171]:	1
C[4172]:	1
C[4173]:	1
C[4174]:	1
C[4175]:	1
C[4176]:	1
C[4177]:	1
C[4178]:	1
C[4179]:	1
C[4180]:	1
C[4181]:	1
C[4182]:	1
C[4183]:	1
C[4184]:	1
C[4185]:	1
C[4186]:	1
C[4187]:	1
C[4188]:	1
C[4189]:	1
C[4190]:	1
C[4191]:	1
C[4192]:	1
C[4193]:	1
C[4194]:	1
C[4195]:	1
C[4196]:	1
C[4197]:	1
C[4198]:	1
C[4199]:	1
C[4200]:	1
C[4201]:	1
C[4202]:	1
C[4203]:	1
C[4204]:	1
C[4205]:	1
C[4206]:	1
C[4207]:	1
C[4208]:	1
C[4209]:	1
C[4210]:	1
C[4211]:	1
C[4212]:	1
C[4213]:	1
C[4214]:	1
C[4215]:	1
C[4216]:	1
C[4217]:	1
C[4218]:	1
C[4219]:	1
C[4220]:	1
C[4221]:	1
C[4222]:	1
C[4223]:	1
C[4224]:	1
C[4225]:	1
C[4226]:	1
C[4227]:	1
C[4228]:	1
C[4229]:	1
C[4230]:	1
C[4231]:	1
C[4232]:	1
C[4233]:	1
C[4234]:	1
C[4235]:	1
C[4236]:	1
C[4237]:	1
C[4238]:	1
C[4239]:	1
C[4240]:	1
C[4241]:	1
C[4242]:	1
C[4243]:	1
C[4244]:	1
C[4245]:	1
C[4246]:	1
C[4247]:	1
C[4248]:	1
C[4249]:	1
C[4250]:	1
C[4251]:	1
C[4252]:	1
C[4253]:	1
C[4254]:	1
C[4255]:	1
C[4256]:	1
C[4257]:	1
C[4258]:	1
C[4259]:	1
C[4260]:	1
C[4261]:	1
C[4262]:	1
C[4263]:	1
C[4264]:	1
C[4265]:	1
C[4266]:	1
C[4267]:	1
C[4268]:	1
C[4269]:	1
C[4270]:	1
C[4271]:	1
C[4272]:	1
C[4273]:	1
C[4274]:	1
C[4275]:	1
C[4276]:	1
C[4277]:	1
C[4278]:	1
C[4279]:	1
C[4280]:	1
C[4281]:	1
C[4282]:	1
C[4283]:	1
C[4284]:	1
C[4285]:	1
C[4286]:	1
C[4287]:	1
C[4288]:	1
C[4289]:	1
C[4290]:	1
C[4291]:	1
C[4292]:	1
C[4293]:	1
C[4294]:	1
C[4295]:	1
C[4296]:	1
C[4297]:	1
C[4298]:	1
C[4299]:	1
C[4300]:	1
C[4301]:	1
C[4302]:	1
C[4303]:	1
C[4304]:	1
C[4305]:	1
C[4306]:	1
C[4307]:	1
C[4308]:	1
C[4309]:	1
C[4310]:	1
C[4311]:	1
C[4312]:	1
C[4313]:	1
C[4314]:	1
C[4315]:	1
C[4316]:	1
C[4317]:	1
C[4318]:	1
C[4319]:	1
C[4320]:	1
C[4321]:	1
C[4322]:	1
C[4323]:	1
C[4324]:	1
C[4325]:	1
C[4326]:	1
C[4327]:	1
C[4328]:	1
C[4329]:	1
C[4330]:	1
C[4331]:	1
C[4332]:	1
C[4333]:	1
C[4334]:	1
C[4335]:	1
C[4336]:	1
C[4337]:	1
C[4338]:	1
C[4339]:	1
C[4340]:	1
C[4341]:	1
C[4342]:	1
C[4343]:	1
C[4344]:	1
C[4345]:	1
C[4346]:	1
C[4347]:	1
C[4348]:	1
C[4349]:	1
C[4350]:	1
C[4351]:	1
C[4352]:	1
C[4353]:	1
C[4354]:	1
C[4355]:	1
C[4356]:	1
C[4357]:	1
C[4358]:	1
C[4359]:	1
C[4360]:	1
C[4361]:	1
C[4362]:	1
C[4363]:	1
C[4364]:	1
C[4365]:	1
C[4366]:	1
C[4367]:	1
C[4368]:	1
C[4369]:	1
C[4370]:	1
C[4371]:	1
C[4372]:	1
C[4373]:	1
C[4374]:	1
C[4375]:	1
C[4376]:	1
C[4377]:	1
C[4378]:	1
C[4379]:	1
C[4380]:	1
C[4381]:	1
C[4382]:	1
C[4383]:	1
C[4384]:	1
C[4385]:	1
C[4386]:	1
C[4387]:	1
C[4388]:	1
C[4389]:	1
C[4390]:	1
C[4391]:	1
C[4392]:	1
C[4393]:	1
C[4394]:	1
C[4395]:	1
C[4396]:	1
C[4397]:	1
C[4398]:	1
C[4399]:	1
C[4400]:	1
C[4401]:	1
C[4402]:	1
C[4403]:	1
C[4404]:	1
C[4405]:	1
C[4406]:	1
C[4407]:	1
C[4408]:	1
C[4409]:	1
C[4410]:	1
C[4411]:	1
C[4412]:	1
C[4413]:	1
C[4414]:	1
C[4415]:	1
C[4416]:	1
C[4417]:	1
C[4418]:	1
C[4419]:	1
C[4420]:	1
C[4421]:	1
C[4422]:	1
C[4423]:	1
C[4424]:	1
C[4425]:	1
C[4426]:	1
C[4427]:	1
C[4428]:	1
C[4429]:	1
C[4430]:	1
C[4431]:	1
C[4432]:	1
C[4433]:	1
C[4434]:	1
C[4435]:	1
C[4436]:	1
C[4437]:	1
C[4438]:	1
C[4439]:	1
C[4440]:	1
C[4441]:	1
C[4442]:	1
C[4443]:	1
C[4444]:	1
C[4445]:	1
C[4446]:	1
C[4447]:	1
C[4448]:	1
C[4449]:	1
C[4450]:	1
C[4451]:	1
C[4452]:	1
C[4453]:	1
C[4454]:	1
C[4455]:	1
C[4456]:	1
C[4457]:	1
C[4458]:	1
C[4459]:	1
C[4460]:	1
C[4461]:	1
C[4462]:	1
C[4463]:	1
C[4464]:	1
C[4465]:	1
C[4466]:	1
C[4467]:	1
C[4468]:	1
C[4469]:	1
C[4470]:	1
C[4471]:	1
C[4472]:	1
C[4473]:	1
C[4474]:	1
C[4475]:	1
C[4476]:	1
C[4477]:	1
C[4478]:	1
C[4479]:	1
C[4480]:	1
C[4481]:	1
C[4482]:	1
C[4483]:	1
C[4484]:	1
C[4485]:	1
C[4486]:	1
C[4487]:	1
C[4488]:	1
C[4489]:	1
C[4490]:	1
C[4491]:	1
C[4492]:	1
C[4493]:	1
C[4494]:	1
C[4495]:	1
C[4496]:	1
C[4497]:	1
C[4498]:	1
C[4499]:	1
C[4500]:	1
C[4501]:	1
C[4502]:	1
C[4503]:	1
C[4504]:	1
C[4505]:	1
C[4506]:	1
C[4507]:	1
C[4508]:	1
C[4509]:	1
C[4510]:	1
C[4511]:	1
C[4512]:	1
C[4513]:	1
C[4514]:	1
C[4515]:	1
C[4516]:	1
C[4517]:	1
C[4518]:	1
C[4519]:	1
C[4520]:	1
C[4521]:	1
C[4522]:	1
C[4523]:	1
C[4524]:	1
C[4525]:	1
C[4526]:	1
C[4527]:	1
C[4528]:	1
C[4529]:	1
C[4530]:	1
C[4531]:	1
C[4532]:	1
C[4533]:	1
C[4534]:	1
C[4535]:	1
C[4536]:	1
C[4537]:	1
C[4538]:	1
C[4539]:	1
C[4540]:	1
C[4541]:	1
C[4542]:	1
C[4543]:	1
C[4544]:	1
C[4545]:	1
C[4546]:	1
C[4547]:	1
C[4548]:	1
C[4549]:	1
C[4550]:	1
C[4551]:	1
C[4552]:	1
C[4553]:	1
C[4554]:	1
C[4555]:	1
C[4556]:	1
C[4557]:	1
C[4558]:	1
C[4559]:	1
C[4560]:	1
C[4561]:	1
C[4562]:	1
C[4563]:	1
C[4564]:	1
C[4565]:	1
C[4566]:	1
C[4567]:	1
C[4568]:	1
C[4569]:	1
C[4570]:	1
C[4571]:	1
C[4572]:	1
C[4573]:	1
C[4574]:	1
C[4575]:	1
C[4576]:	1
C[4577]:	1
C[4578]:	1
C[4579]:	1
C[4580]:	1
C[4581]:	1
C[4582]:	1
C[4583]:	1
C[4584]:	1
C[4585]:	1
C[4586]:	1
C[4587]:	1
C[4588]:	1
C[4589]:	1
C[4590]:	1
C[4591]:	1
C[4592]:	1
C[4593]:	1
C[4594]:	1
C[4595]:	1
C[4596]:	1
C[4597]:	1
C[4598]:	1
C[4599]:	1
C[4600]:	1
C[4601]:	1
C[4602]:	1
C[4603]:	1
C[4604]:	1
C[4605]:	1
C[4606]:	1
C[4607]:	1
C[4608]:	1
C[4609]:	1
C[4610]:	1
C[4611]:	1
C[4612]:	1
C[4613]:	1
C[4614]:	1
C[4615]:	1
C[4616]:	1
C[4617]:	1
C[4618]:	1
C[4619]:	1
C[4620]:	1
C[4621]:	1
C[4622]:	1
C[4623]:	1
C[4624]:	1
C[4625]:	1
C[4626]:	1
C[4627]:	1
C[4628]:	1
C[4629]:	1
C[4630]:	1
C[4631]:	1
C[4632]:	1
C[4633]:	1
C[4634]:	1
C[4635]:	1
C[4636]:	1
C[4637]:	1
C[4638]:	1
C[4639]:	1
C[4640]:	1
C[4641]:	1
C[4642]:	1
C[4643]:	1
C[4644]:	1
C[4645]:	1
C[4646]:	1
C[4647]:	1
C[4648]:	1
C[4649]:	1
C[4650]:	1
C[4651]:	1
C[4652]:	1
C[4653]:	1
C[4654]:	1
C[4655]:	1
C[4656]:	1
C[4657]:	1
C[4658]:	1
C[4659]:	1
C[4660]:	1
C[4661]:	1
C[4662]:	1
C[4663]:	1
C[4664]:	1
C[4665]:	1
C[4666]:	1
C[4667]:	1
C[4668]:	1
C[4669]:	1
C[4670]:	1
C[4671]:	1
C[4672]:	1
C[4673]:	1
C[4674]:	1
C[4675]:	1
C[4676]:	1
C[4677]:	1
C[4678]:	1
C[4679]:	1
C[4680]:	1
C[4681]:	1
C[4682]:	1
C[4683]:	1
C[4684]:	1
C[4685]:	1
C[4686]:	1
C[4687]:	1
C[4688]:	1
C[4689]:	1
C[4690]:	1
C[4691]:	1
C[4692]:	1
C[4693]:	1
C[4694]:	1
C[4695]:	1
C[4696]:	1
C[4697]:	1
C[4698]:	1
C[4699]:	1
C[4700]:	1
C[4701]:	1
C[4702]:	1
C[4703]:	1
C[4704]:	1
C[4705]:	1
C[4706]:	1
C[4707]:	1
C[4708]:	1
C[4709]:	1
C[4710]:	1
C[4711]:	1
C[4712]:	1
C[4713]:	1
C[4714]:	1
C[4715]:	1
C[4716]:	1
C[4717]:	1
C[4718]:	1
C[4719]:	1
C[4720]:	1
C[4721]:	1
C[4722]:	1
C[4723]:	1
C[4724]:	1
C[4725]:	1
C[4726]:	1
C[4727]:	1
C[4728]:	1
C[4729]:	1
C[4730]:	1
C[4731]:	1
C[4732]:	1
C[4733]:	1
C[4734]:	1
C[4735]:	1
C[4736]:	1
C[4737]:	1
C[4738]:	1
C[4739]:	1
C[4740]:	1
C[4741]:	1
C[4742]:	1
C[4743]:	1
C[4744]:	1
C[4745]:	1
C[4746]:	1
C[4747]:	1
C[4748]:	1
C[4749]:	1
C[4750]:	1
C[4751]:	1
C[4752]:	1
C[4753]:	1
C[4754]:	1
C[4755]:	1
C[4756]:	1
C[4757]:	1
C[4758]:	1
C[4759]:	1
C[4760]:	1
C[4761]:	1
C[4762]:	1
C[4763]:	1
C[4764]:	1
C[4765]:	1
C[4766]:	1
C[4767]:	1
C[4768]:	1
C[4769]:	1
C[4770]:	1
C[4771]:	1
C[4772]:	1
C[4773]:	1
C[4774]:	1
C[4775]:	1
C[4776]:	1
C[4777]:	1
C[4778]:	1
C[4779]:	1
C[4780]:	1
C[4781]:	1
C[4782]:	1
C[4783]:	1
C[4784]:	1
C[4785]:	1
C[4786]:	1
C[4787]:	1
C[4788]:	1
C[4789]:	1
C[4790]:	1
C[4791]:	1
C[4792]:	1
C[4793]:	1
C[4794]:	1
C[4795]:	1
C[4796]:	1
C[4797]:	1
C[4798]:	1
C[4799]:	1
C[4800]:	1
C[4801]:	1
C[4802]:	1
C[4803]:	1
C[4804]:	1
C[4805]:	1
C[4806]:	1
C[4807]:	1
C[4808]:	1
C[4809]:	1
C[4810]:	1
C[4811]:	1
C[4812]:	1
C[4813]:	1
C[4814]:	1
C[4815]:	1
C[4816]:	1
C[4817]:	1
C[4818]:	1
C[4819]:	1
C[4820]:	1
C[4821]:	1
C[4822]:	1
C[4823]:	1
C[4824]:	1
C[4825]:	1
C[4826]:	1
C[4827]:	1
C[4828]:	1
C[4829]:	1
C[4830]:	1
C[4831]:	1
C[4832]:	1
C[4833]:	1
C[4834]:	1
C[4835]:	1
C[4836]:	1
C[4837]:	1
C[4838]:	1
C[4839]:	1
C[4840]:	1
C[4841]:	1
C[4842]:	1
C[4843]:	1
C[4844]:	1
C[4845]:	1
C[4846]:	1
C[4847]:	1
C[4848]:	1
C[4849]:	1
C[4850]:	1
C[4851]:	1
C[4852]:	1
C[4853]:	1
C[4854]:	1
C[4855]:	1
C[4856]:	1
C[4857]:	1
C[4858]:	1
C[4859]:	1
C[4860]:	1
C[4861]:	1
C[4862]:	1
C[4863]:	1
C[4864]:	1
C[4865]:	1
C[4866]:	1
C[4867]:	1
C[4868]:	1
C[4869]:	1
C[4870]:	1
C[4871]:	1
C[4872]:	1
C[4873]:	1
C[4874]:	1
C[4875]:	1
C[4876]:	1
C[4877]:	1
C[4878]:	1
C[4879]:	1
C[4880]:	1
C[4881]:	1
C[4882]:	1
C[4883]:	1
C[4884]:	1
C[4885]:	1
C[4886]:	1
C[4887]:	1
C[4888]:	1
C[4889]:	1
C[4890]:	1
C[4891]:	1
C[4892]:	1
C[4893]:	1
C[4894]:	1
C[4895]:	1
C[4896]:	1
C[4897]:	1
C[4898]:	1
C[4899]:	1
C[4900]:	1
C[4901]:	1
C[4902]:	1
C[4903]:	1
C[4904]:	1
C[4905]:	1
C[4906]:	1
C[4907]:	1
C[4908]:	1
C[4909]:	1
C[4910]:	1
C[4911]:	1
C[4912]:	1
C[4913]:	1
C[4914]:	1
C[4915]:	1
C[4916]:	1
C[4917]:	1
C[4918]:	1
C[4919]:	1
C[4920]:	1
C[4921]:	1
C[4922]:	1
C[4923]:	1
C[4924]:	1
C[4925]:	1
C[4926]:	1
C[4927]:	1
C[4928]:	1
C[4929]:	1
C[4930]:	1
C[4931]:	1
C[4932]:	1
C[4933]:	1
C[4934]:	1
C[4935]:	1
C[4936]:	1
C[4937]:	1
C[4938]:	1
C[4939]:	1
C[4940]:	1
C[4941]:	1
C[4942]:	1
C[4943]:	1
C[4944]:	1
C[4945]:	1
C[4946]:	1
C[4947]:	1
C[4948]:	1
C[4949]:	1
C[4950]:	1
C[4951]:	1
C[4952]:	1
C[4953]:	1
C[4954]:	1
C[4955]:	1
C[4956]:	1
C[4957]:	1
C[4958]:	1
C[4959]:	1
C[4960]:	1
C[4961]:	1
C[4962]:	1
C[4963]:	1
C[4964]:	1
C[4965]:	1
C[4966]:	1
C[4967]:	1
C[4968]:	1
C[4969]:	1
C[4970]:	1
C[4971]:	1
C[4972]:	1
C[4973]:	1
C[4974]:	1
C[4975]:	1
C[4976]:	1
C[4977]:	1
C[4978]:	1
C[4979]:	1
C[4980]:	1
C[4981]:	1
C[4982]:	1
C[4983]:	1
C[4984]:	1
C[4985]:	1
C[4986]:	1
C[4987]:	1
C[4988]:	1
C[4989]:	1
C[4990]:	1
C[4991]:	1
C[4992]:	1
C[4993]:	1
C[4994]:	1
C[4995]:	1
C[4996]:	1
C[4997]:	1
C[4998]:	1
C[4999]:	1
C[5000]:	1
C[5001]:	1
C[5002]:	1
C[5003]:	1
C[5004]:	1
C[5005]:	1
C[5006]:	1
C[5007]:	1
C[5008]:	1
C[5009]:	1
C[5010]:	1
C[5011]:	1
C[5012]:	1
C[5013]:	1
C[5014]:	1
C[5015]:	1
C[5016]:	1
C[5017]:	1
C[5018]:	1
C[5019]:	1
C[5020]:	1
C[5021]:	1
C[5022]:	1
C[5023]:	1
C[5024]:	1
C[5025]:	1
C[5026]:	1
C[5027]:	1
C[5028]:	1
C[5029]:	1
C[5030]:	1
C[5031]:	1
C[5032]:	1
C[5033]:	1
C[5034]:	1
C[5035]:	1
C[5036]:	1
C[5037]:	1
C[5038]:	1
C[5039]:	1
C[5040]:	1
C[5041]:	1
C[5042]:	1
C[5043]:	1
C[5044]:	1
C[5045]:	1
C[5046]:	1
C[5047]:	1
C[5048]:	1
C[5049]:	1
C[5050]:	1
C[5051]:	1
C[5052]:	1
C[5053]:	1
C[5054]:	1
C[5055]:	1
C[5056]:	1
C[5057]:	1
C[5058]:	1
C[5059]:	1
C[5060]:	1
C[5061]:	1
C[5062]:	1
C[5063]:	1
C[5064]:	1
C[5065]:	1
C[5066]:	1
C[5067]:	1
C[5068]:	1
C[5069]:	1
C[5070]:	1
C[5071]:	1
C[5072]:	1
C[5073]:	1
C[5074]:	1
C[5075]:	1
C[5076]:	1
C[5077]:	1
C[5078]:	1
C[5079]:	1
C[5080]:	1
C[5081]:	1
C[5082]:	1
C[5083]:	1
C[5084]:	1
C[5085]:	1
C[5086]:	1
C[5087]:	1
C[5088]:	1
C[5089]:	1
C[5090]:	1
C[5091]:	1
C[5092]:	1
C[5093]:	1
C[5094]:	1
C[5095]:	1
C[5096]:	1
C[5097]:	1
C[5098]:	1
C[5099]:	1
C[5100]:	1
C[5101]:	1
C[5102]:	1
C[5103]:	1
C[5104]:	1
C[5105]:	1
C[5106]:	1
C[5107]:	1
C[5108]:	1
C[5109]:	1
C[5110]:	1
C[5111]:	1
C[5112]:	1
C[5113]:	1
C[5114]:	1
C[5115]:	1
C[5116]:	1
C[5117]:	1
C[5118]:	1
C[5119]:	1
C[5120]:	1
C[5121]:	1
C[5122]:	1
C[5123]:	1
C[5124]:	1
C[5125]:	1
C[5126]:	1
C[5127]:	1
C[5128]:	1
C[5129]:	1
C[5130]:	1
C[5131]:	1
C[5132]:	1
C[5133]:	1
C[5134]:	1
C[5135]:	1
C[5136]:	1
C[5137]:	1
C[5138]:	1
C[5139]:	1
C[5140]:	1
C[5141]:	1
C[5142]:	1
C[5143]:	1
C[5144]:	1
C[5145]:	1
C[5146]:	1
C[5147]:	1
C[5148]:	1
C[5149]:	1
C[5150]:	1
C[5151]:	1
C[5152]:	1
C[5153]:	1
C[5154]:	1
C[5155]:	1
C[5156]:	1
C[5157]:	1
C[5158]:	1
C[5159]:	1
C[5160]:	1
C[5161]:	1
C[5162]:	1
C[5163]:	1
C[5164]:	1
C[5165]:	1
C[5166]:	1
C[5167]:	1
C[5168]:	1
C[5169]:	1
C[5170]:	1
C[5171]:	1
C[5172]:	1
C[5173]:	1
C[5174]:	1
C[5175]:	1
C[5176]:	1
C[5177]:	1
C[5178]:	1
C[5179]:	1
C[5180]:	1
C[5181]:	1
C[5182]:	1
C[5183]:	1
C[5184]:	1
C[5185]:	1
C[5186]:	1
C[5187]:	1
C[5188]:	1
C[5189]:	1
C[5190]:	1
C[5191]:	1
C[5192]:	1
C[5193]:	1
C[5194]:	1
C[5195]:	1
C[5196]:	1
C[5197]:	1
C[5198]:	1
C[5199]:	1
C[5200]:	1
C[5201]:	1
C[5202]:	1
C[5203]:	1
C[5204]:	1
C[5205]:	1
C[5206]:	1
C[5207]:	1
C[5208]:	1
C[5209]:	1
C[5210]:	1
C[5211]:	1
C[5212]:	1
C[5213]:	1
C[5214]:	1
C[5215]:	1
C[5216]:	1
C[5217]:	1
C[5218]:	1
C[5219]:	1
C[5220]:	1
C[5221]:	1
C[5222]:	1
C[5223]:	1
C[5224]:	1
C[5225]:	1
C[5226]:	1
C[5227]:	1
C[5228]:	1
C[5229]:	1
C[5230]:	1
C[5231]:	1
C[5232]:	1
C[5233]:	1
C[5234]:	1
C[5235]:	1
C[5236]:	1
C[5237]:	1
C[5238]:	1
C[5239]:	1
C[5240]:	1
C[5241]:	1
C[5242]:	1
C[5243]:	1
C[5244]:	1
C[5245]:	1
C[5246]:	1
C[5247]:	1
C[5248]:	1
C[5249]:	1
C[5250]:	1
C[5251]:	1
C[5252]:	1
C[5253]:	1
C[5254]:	1
C[5255]:	1
C[5256]:	1
C[5257]:	1
C[5258]:	1
C[5259]:	1
C[5260]:	1
C[5261]:	1
C[5262]:	1
C[5263]:	1
C[5264]:	1
C[5265]:	1
C[5266]:	1
C[5267]:	1
C[5268]:	1
C[5269]:	1
C[5270]:	1
C[5271]:	1
C[5272]:	1
C[5273]:	1
C[5274]:	1
C[5275]:	1
C[5276]:	1
C[5277]:	1
C[5278]:	1
C[5279]:	1
C[5280]:	1
C[5281]:	1
C[5282]:	1
C[5283]:	1
C[5284]:	1
C[5285]:	1
C[5286]:	1
C[5287]:	1
C[5288]:	1
C[5289]:	1
C[5290]:	1
C[5291]:	1
C[5292]:	1
C[5293]:	1
C[5294]:	1
C[5295]:	1
C[5296]:	1
C[5297]:	1
C[5298]:	1
C[5299]:	1
C[5300]:	1
C[5301]:	1
C[5302]:	1
C[5303]:	1
C[5304]:	1
C[5305]:	1
C[5306]:	1
C[5307]:	1
C[5308]:	1
C[5309]:	1
C[5310]:	1
C[5311]:	1
C[5312]:	1
C[5313]:	1
C[5314]:	1
C[5315]:	1
C[5316]:	1
C[5317]:	1
C[5318]:	1
C[5319]:	1
C[5320]:	1
C[5321]:	1
C[5322]:	1
C[5323]:	1
C[5324]:	1
C[5325]:	1
C[5326]:	1
C[5327]:	1
C[5328]:	1
C[5329]:	1
C[5330]:	1
C[5331]:	1
C[5332]:	1
C[5333]:	1
C[5334]:	1
C[5335]:	1
C[5336]:	1
C[5337]:	1
C[5338]:	1
C[5339]:	1
C[5340]:	1
C[5341]:	1
C[5342]:	1
C[5343]:	1
C[5344]:	1
C[5345]:	1
C[5346]:	1
C[5347]:	1
C[5348]:	1
C[5349]:	1
C[5350]:	1
C[5351]:	1
C[5352]:	1
C[5353]:	1
C[5354]:	1
C[5355]:	1
C[5356]:	1
C[5357]:	1
C[5358]:	1
C[5359]:	1
C[5360]:	1
C[5361]:	1
C[5362]:	1
C[5363]:	1
C[5364]:	1
C[5365]:	1
C[5366]:	1
C[5367]:	1
C[5368]:	1
C[5369]:	1
C[5370]:	1
C[5371]:	1
C[5372]:	1
C[5373]:	1
C[5374]:	1
C[5375]:	1
C[5376]:	1
C[5377]:	1
C[5378]:	1
C[5379]:	1
C[5380]:	1
C[5381]:	1
C[5382]:	1
C[5383]:	1
C[5384]:	1
C[5385]:	1
C[5386]:	1
C[5387]:	1
C[5388]:	1
C[5389]:	1
C[5390]:	1
C[5391]:	1
C[5392]:	1
C[5393]:	1
C[5394]:	1
C[5395]:	1
C[5396]:	1
C[5397]:	1
C[5398]:	1
C[5399]:	1
C[5400]:	1
C[5401]:	1
C[5402]:	1
C[5403]:	1
C[5404]:	1
C[5405]:	1
C[5406]:	1
C[5407]:	1
C[5408]:	1
C[5409]:	1
C[5410]:	1
C[5411]:	1
C[5412]:	1
C[5413]:	1
C[5414]:	1
C[5415]:	1
C[5416]:	1
C[5417]:	1
C[5418]:	1
C[5419]:	1
C[5420]:	1
C[5421]:	1
C[5422]:	1
C[5423]:	1
C[5424]:	1
C[5425]:	1
C[5426]:	1
C[5427]:	1
C[5428]:	1
C[5429]:	1
C[5430]:	1
C[5431]:	1
C[5432]:	1
C[5433]:	1
C[5434]:	1
C[5435]:	1
C[5436]:	1
C[5437]:	1
C[5438]:	1
C[5439]:	1
C[5440]:	1
C[5441]:	1
C[5442]:	1
C[5443]:	1
C[5444]:	1
C[5445]:	1
C[5446]:	1
C[5447]:	1
C[5448]:	1
C[5449]:	1
C[5450]:	1
C[5451]:	1
C[5452]:	1
C[5453]:	1
C[5454]:	1
C[5455]:	1
C[5456]:	1
C[5457]:	1
C[5458]:	1
C[5459]:	1
C[5460]:	1
C[5461]:	1
C[5462]:	1
C[5463]:	1
C[5464]:	1
C[5465]:	1
C[5466]:	1
C[5467]:	1
C[5468]:	1
C[5469]:	1
C[5470]:	1
C[5471]:	1
C[5472]:	1
C[5473]:	1
C[5474]:	1
C[5475]:	1
C[5476]:	1
C[5477]:	1
C[5478]:	1
C[5479]:	1
C[5480]:	1
C[5481]:	1
C[5482]:	1
C[5483]:	1
C[5484]:	1
C[5485]:	1
C[5486]:	1
C[5487]:	1
C[5488]:	1
C[5489]:	1
C[5490]:	1
C[5491]:	1
C[5492]:	1
C[5493]:	1
C[5494]:	1
C[5495]:	1
C[5496]:	1
C[5497]:	1
C[5498]:	1
C[5499]:	1
C[5500]:	1
C[5501]:	1
C[5502]:	1
C[5503]:	1
C[5504]:	1
C[5505]:	1
C[5506]:	1
C[5507]:	1
C[5508]:	1
C[5509]:	1
C[5510]:	1
C[5511]:	1
C[5512]:	1
C[5513]:	1
C[5514]:	1
C[5515]:	1
C[5516]:	1
C[5517]:	1
C[5518]:	1
C[5519]:	1
C[5520]:	1
C[5521]:	1
C[5522]:	1
C[5523]:	1
C[5524]:	1
C[5525]:	1
C[5526]:	1
C[5527]:	1
C[5528]:	1
C[5529]:	1
C[5530]:	1
C[5531]:	1
C[5532]:	1
C[5533]:	1
C[5534]:	1
C[5535]:	1
C[5536]:	1
C[5537]:	1
C[5538]:	1
C[5539]:	1
C[5540]:	1
C[5541]:	1
C[5542]:	1
C[5543]:	1
C[5544]:	1
C[5545]:	1
C[5546]:	1
C[5547]:	1
C[5548]:	1
C[5549]:	1
C[5550]:	1
C[5551]:	1
C[5552]:	1
C[5553]:	1
C[5554]:	1
C[5555]:	1
C[5556]:	1
C[5557]:	1
C[5558]:	1
C[5559]:	1
C[5560]:	1
C[5561]:	1
C[5562]:	1
C[5563]:	1
C[5564]:	1
C[5565]:	1
C[5566]:	1
C[5567]:	1
C[5568]:	1
C[5569]:	1
C[5570]:	1
C[5571]:	1
C[5572]:	1
C[5573]:	1
C[5574]:	1
C[5575]:	1
C[5576]:	1
C[5577]:	1
C[5578]:	1
C[5579]:	1
C[5580]:	1
C[5581]:	1
C[5582]:	1
C[5583]:	1
C[5584]:	1
C[5585]:	1
C[5586]:	1
C[5587]:	1
C[5588]:	1
C[5589]:	1
C[5590]:	1
C[5591]:	1
C[5592]:	1
C[5593]:	1
C[5594]:	1
C[5595]:	1
C[5596]:	1
C[5597]:	1
C[5598]:	1
C[5599]:	1
C[5600]:	1
C[5601]:	1
C[5602]:	1
C[5603]:	1
C[5604]:	1
C[5605]:	1
C[5606]:	1
C[5607]:	1
C[5608]:	1
C[5609]:	1
C[5610]:	1
C[5611]:	1
C[5612]:	1
C[5613]:	1
C[5614]:	1
C[5615]:	1
C[5616]:	1
C[5617]:	1
C[5618]:	1
C[5619]:	1
C[5620]:	1
C[5621]:	1
C[5622]:	1
C[5623]:	1
C[5624]:	1
C[5625]:	1
C[5626]:	1
C[5627]:	1
C[5628]:	1
C[5629]:	1
C[5630]:	1
C[5631]:	1
C[5632]:	1
C[5633]:	1
C[5634]:	1
C[5635]:	1
C[5636]:	1
C[5637]:	1
C[5638]:	1
C[5639]:	1
C[5640]:	1
C[5641]:	1
C[5642]:	1
C[5643]:	1
C[5644]:	1
C[5645]:	1
C[5646]:	1
C[5647]:	1
C[5648]:	1
C[5649]:	1
C[5650]:	1
C[5651]:	1
C[5652]:	1
C[5653]:	1
C[5654]:	1
C[5655]:	1
C[5656]:	1
C[5657]:	1
C[5658]:	1
C[5659]:	1
C[5660]:	1
C[5661]:	1
C[5662]:	1
C[5663]:	1
C[5664]:	1
C[5665]:	1
C[5666]:	1
C[5667]:	1
C[5668]:	1
C[5669]:	1
C[5670]:	1
C[5671]:	1
C[5672]:	1
C[5673]:	1
C[5674]:	1
C[5675]:	1
C[5676]:	1
C[5677]:	1
C[5678]:	1
C[5679]:	1
C[5680]:	1
C[5681]:	1
C[5682]:	1
C[5683]:	1
C[5684]:	1
C[5685]:	1
C[5686]:	1
C[5687]:	1
C[5688]:	1
C[5689]:	1
C[5690]:	1
C[5691]:	1
C[5692]:	1
C[5693]:	1
C[5694]:	1
C[5695]:	1
C[5696]:	1
C[5697]:	1
C[5698]:	1
C[5699]:	1
C[5700]:	1
C[5701]:	1
C[5702]:	1
C[5703]:	1
C[5704]:	1
C[5705]:	1
C[5706]:	1
C[5707]:	1
C[5708]:	1
C[5709]:	1
C[5710]:	1
C[5711]:	1
C[5712]:	1
C[5713]:	1
C[5714]:	1
C[5715]:	1
C[5716]:	1
C[5717]:	1
C[5718]:	1
C[5719]:	1
C[5720]:	1
C[5721]:	1
C[5722]:	1
C[5723]:	1
C[5724]:	1
C[5725]:	1
C[5726]:	1
C[5727]:	1
C[5728]:	1
C[5729]:	1
C[5730]:	1
C[5731]:	1
C[5732]:	1
C[5733]:	1
C[5734]:	1
C[5735]:	1
C[5736]:	1
C[5737]:	1
C[5738]:	1
C[5739]:	1
C[5740]:	1
C[5741]:	1
C[5742]:	1
C[5743]:	1
C[5744]:	1
C[5745]:	1
C[5746]:	1
C[5747]:	1
C[5748]:	1
C[5749]:	1
C[5750]:	1
C[5751]:	1
C[5752]:	1
C[5753]:	1
C[5754]:	1
C[5755]:	1
C[5756]:	1
C[5757]:	1
C[5758]:	1
C[5759]:	1
C[5760]:	1
C[5761]:	1
C[5762]:	1
C[5763]:	1
C[5764]:	1
C[5765]:	1
C[5766]:	1
C[5767]:	1
C[5768]:	1
C[5769]:	1
C[5770]:	1
C[5771]:	1
C[5772]:	1
C[5773]:	1
C[5774]:	1
C[5775]:	1
C[5776]:	1
C[5777]:	1
C[5778]:	1
C[5779]:	1
C[5780]:	1
C[5781]:	1
C[5782]:	1
C[5783]:	1
C[5784]:	1
C[5785]:	1
C[5786]:	1
C[5787]:	1
C[5788]:	1
C[5789]:	1
C[5790]:	1
C[5791]:	1
C[5792]:	1
C[5793]:	1
C[5794]:	1
C[5795]:	1
C[5796]:	1
C[5797]:	1
C[5798]:	1
C[5799]:	1
C[5800]:	1
C[5801]:	1
C[5802]:	1
C[5803]:	1
C[5804]:	1
C[5805]:	1
C[5806]:	1
C[5807]:	1
C[5808]:	1
C[5809]:	1
C[5810]:	1
C[5811]:	1
C[5812]:	1
C[5813]:	1
C[5814]:	1
C[5815]:	1
C[5816]:	1
C[5817]:	1
C[5818]:	1
C[5819]:	1
C[5820]:	1
C[5821]:	1
C[5822]:	1
C[5823]:	1
C[5824]:	1
C[5825]:	1
C[5826]:	1
C[5827]:	1
C[5828]:	1
C[5829]:	1
C[5830]:	1
C[5831]:	1
C[5832]:	1
C[5833]:	1
C[5834]:	1
C[5835]:	1
C[5836]:	1
C[5837]:	1
C[5838]:	1
C[5839]:	1
C[5840]:	1
C[5841]:	1
C[5842]:	1
C[5843]:	1
C[5844]:	1
C[5845]:	1
C[5846]:	1
C[5847]:	1
C[5848]:	1
C[5849]:	1
C[5850]:	1
C[5851]:	1
C[5852]:	1
C[5853]:	1
C[5854]:	1
C[5855]:	1
C[5856]:	1
C[5857]:	1
C[5858]:	1
C[5859]:	1
C[5860]:	1
C[5861]:	1
C[5862]:	1
C[5863]:	1
C[5864]:	1
C[5865]:	1
C[5866]:	1
C[5867]:	1
C[5868]:	1
C[5869]:	1
C[5870]:	1
C[5871]:	1
C[5872]:	1
C[5873]:	1
C[5874]:	1
C[5875]:	1
C[5876]:	1
C[5877]:	1
C[5878]:	1
C[5879]:	1
C[5880]:	1
C[5881]:	1
C[5882]:	1
C[5883]:	1
C[5884]:	1
C[5885]:	1
C[5886]:	1
C[5887]:	1
C[5888]:	1
C[5889]:	1
C[5890]:	1
C[5891]:	1
C[5892]:	1
C[5893]:	1
C[5894]:	1
C[5895]:	1
C[5896]:	1
C[5897]:	1
C[5898]:	1
C[5899]:	1
C[5900]:	1
C[5901]:	1
C[5902]:	1
C[5903]:	1
C[5904]:	1
C[5905]:	1
C[5906]:	1
C[5907]:	1
C[5908]:	1
C[5909]:	1
C[5910]:	1
C[5911]:	1
C[5912]:	1
C[5913]:	1
C[5914]:	1
C[5915]:	1
C[5916]:	1
C[5917]:	1
C[5918]:	1
C[5919]:	1
C[5920]:	1
C[5921]:	1
C[5922]:	1
C[5923]:	1
C[5924]:	1
C[5925]:	1
C[5926]:	1
C[5927]:	1
C[5928]:	1
C[5929]:	1
C[5930]:	1
C[5931]:	1
C[5932]:	1
C[5933]:	1
C[5934]:	1
C[5935]:	1
C[5936]:	1
C[5937]:	1
C[5938]:	1
C[5939]:	1
C[5940]:	1
C[5941]:	1
C[5942]:	1
C[5943]:	1
C[5944]:	1
C[5945]:	1
C[5946]:	1
C[5947]:	1
C[5948]:	1
C[5949]:	1
C[5950]:	1
C[5951]:	1
C[5952]:	1
C[5953]:	1
C[5954]:	1
C[5955]:	1
C[5956]:	1
C[5957]:	1
C[5958]:	1
C[5959]:	1
C[5960]:	1
C[5961]:	1
C[5962]:	1
C[5963]:	1
C[5964]:	1
C[5965]:	1
C[5966]:	1
C[5967]:	1
C[5968]:	1
C[5969]:	1
C[5970]:	1
C[5971]:	1
C[5972]:	1
C[5973]:	1
C[5974]:	1
C[5975]:	1
C[5976]:	1
C[5977]:	1
C[5978]:	1
C[5979]:	1
C[5980]:	1
C[5981]:	1
C[5982]:	1
C[5983]:	1
C[5984]:	1
C[5985]:	1
C[5986]:	1
C[5987]:	1
C[5988]:	1
C[5989]:	1
C[5990]:	1
C[5991]:	1
C[5992]:	1
C[5993]:	1
C[5994]:	1
C[5995]:	1
C[5996]:	1
C[5997]:	1
C[5998]:	1
C[5999]:	1
C[6000]:	1
C[6001]:	1
C[6002]:	1
C[6003]:	1
C[6004]:	1
C[6005]:	1
C[6006]:	1
C[6007]:	1
C[6008]:	1
C[6009]:	1
C[6010]:	1
C[6011]:	1
C[6012]:	1
C[6013]:	1
C[6014]:	1
C[6015]:	1
C[6016]:	1
C[6017]:	1
C[6018]:	1
C[6019]:	1
C[6020]:	1
C[6021]:	1
C[6022]:	1
C[6023]:	1
C[6024]:	1
C[6025]:	1
C[6026]:	1
C[6027]:	1
C[6028]:	1
C[6029]:	1
C[6030]:	1
C[6031]:	1
C[6032]:	1
C[6033]:	1
C[6034]:	1
C[6035]:	1
C[6036]:	1
C[6037]:	1
C[6038]:	1
C[6039]:	1
C[6040]:	1
C[6041]:	1
C[6042]:	1
C[6043]:	1
C[6044]:	1
C[6045]:	1
C[6046]:	1
C[6047]:	1
C[6048]:	1
C[6049]:	1
C[6050]:	1
C[6051]:	1
C[6052]:	1
C[6053]:	1
C[6054]:	1
C[6055]:	1
C[6056]:	1
C[6057]:	1
C[6058]:	1
C[6059]:	1
C[6060]:	1
C[6061]:	1
C[6062]:	1
C[6063]:	1
C[6064]:	1
C[6065]:	1
C[6066]:	1
C[6067]:	1
C[6068]:	1
C[6069]:	1
C[6070]:	1
C[6071]:	1
C[6072]:	1
C[6073]:	1
C[6074]:	1
C[6075]:	1
C[6076]:	1
C[6077]:	1
C[6078]:	1
C[6079]:	1
C[6080]:	1
C[6081]:	1
C[6082]:	1
C[6083]:	1
C[6084]:	1
C[6085]:	1
C[6086]:	1
C[6087]:	1
C[6088]:	1
C[6089]:	1
C[6090]:	1
C[6091]:	1
C[6092]:	1
C[6093]:	1
C[6094]:	1
C[6095]:	1
C[6096]:	1
C[6097]:	1
C[6098]:	1
C[6099]:	1
C[6100]:	1
C[6101]:	1
C[6102]:	1
C[6103]:	1
C[6104]:	1
C[6105]:	1
C[6106]:	1
C[6107]:	1
C[6108]:	1
C[6109]:	1
C[6110]:	1
C[6111]:	1
C[6112]:	1
C[6113]:	1
C[6114]:	1
C[6115]:	1
C[6116]:	1
C[6117]:	1
C[6118]:	1
C[6119]:	1
C[6120]:	1
C[6121]:	1
C[6122]:	1
C[6123]:	1
C[6124]:	1
C[6125]:	1
C[6126]:	1
C[6127]:	1
C[6128]:	1
C[6129]:	1
C[6130]:	1
C[6131]:	1
C[6132]:	1
C[6133]:	1
C[6134]:	1
C[6135]:	1
C[6136]:	1
C[6137]:	1
C[6138]:	1
C[6139]:	1
C[6140]:	1
C[6141]:	1
C[6142]:	1
C[6143]:	1
C[6144]:	1
C[6145]:	1
C[6146]:	1
C[6147]:	1
C[6148]:	1
C[6149]:	1
C[6150]:	1
C[6151]:	1
C[6152]:	1
C[6153]:	1
C[6154]:	1
C[6155]:	1
C[6156]:	1
C[6157]:	1
C[6158]:	1
C[6159]:	1
C[6160]:	1
C[6161]:	1
C[6162]:	1
C[6163]:	1
C[6164]:	1
C[6165]:	1
C[6166]:	1
C[6167]:	1
C[6168]:	1
C[6169]:	1
C[6170]:	1
C[6171]:	1
C[6172]:	1
C[6173]:	1
C[6174]:	1
C[6175]:	1
C[6176]:	1
C[6177]:	1
C[6178]:	1
C[6179]:	1
C[6180]:	1
C[6181]:	1
C[6182]:	1
C[6183]:	1
C[6184]:	1
C[6185]:	1
C[6186]:	1
C[6187]:	1
C[6188]:	1
C[6189]:	1
C[6190]:	1
C[6191]:	1
C[6192]:	1
C[6193]:	1
C[6194]:	1
C[6195]:	1
C[6196]:	1
C[6197]:	1
C[6198]:	1
C[6199]:	1
C[6200]:	1
C[6201]:	1
C[6202]:	1
C[6203]:	1
C[6204]:	1
C[6205]:	1
C[6206]:	1
C[6207]:	1
C[6208]:	1
C[6209]:	1
C[6210]:	1
C[6211]:	1
C[6212]:	1
C[6213]:	1
C[6214]:	1
C[6215]:	1
C[6216]:	1
C[6217]:	1
C[6218]:	1
C[6219]:	1
C[6220]:	1
C[6221]:	1
C[6222]:	0
C[6223]:	0
C[6224]:	1
C[6225]:	1
C[6226]:	1
C[6227]:	1
C[6228]:	1
C[6229]:	1
C[6230]:	1
C[6231]:	1
C[6232]:	1
C[6233]:	1
C[6234]:	1
C[6235]:	1
C[6236]:	1
C[6237]:	1
C[6238]:	1
C[6239]:	1
C[6240]:	1
C[6241]:	0
C[6242]:	0
C[6243]:	0
C[6244]:	0
C[6245]:	1
C[6246]:	1
C[6247]:	1
C[6248]:	1
C[6249]:	1
C[6250]:	1
C[6251]:	1
C[6252]:	1
C[6253]:	1
C[6254]:	1
C[6255]:	1
C[6256]:	1
C[6257]:	1
C[6258]:	1
C[6259]:	1
C[6260]:	1
C[6261]:	1
C[6262]:	1
C[6263]:	1
C[6264]:	1
C[6265]:	1
C[6266]:	1
C[6267]:	1
C[6268]:	1
C[6269]:	1
C[6270]:	1
C[6271]:	1
C[6272]:	1
C[6273]:	1
C[6274]:	1
C[6275]:	1
C[6276]:	1
C[6277]:	1
C[6278]:	1
C[6279]:	1
C[6280]:	1
C[6281]:	1
C[6282]:	1
C[6283]:	1
C[6284]:	1
C[6285]:	1
C[6286]:	1
C[6287]:	1
C[6288]:	1
C[6289]:	1
C[6290]:	1
C[6291]:	1
C[6292]:	1
C[6293]:	1
C[6294]:	1
C[6295]:	1
C[6296]:	1
C[6297]:	1
C[6298]:	1
C[6299]:	1
C[6300]:	1
C[6301]:	1
C[6302]:	1
C[6303]:	1
C[6304]:	1
C[6305]:	1
C[6306]:	1
C[6307]:	1
C[6308]:	1
C[6309]:	1
C[6310]:	1
C[6311]:	1
C[6312]:	1
C[6313]:	1
C[6314]:	1
C[6315]:	1
C[6316]:	1
C[6317]:	1
C[6318]:	1
C[6319]:	1
C[6320]:	1
C[6321]:	1
C[6322]:	1
C[6323]:	1
C[6324]:	1
C[6325]:	1
C[6326]:	1
C[6327]:	1
C[6328]:	1
C[6329]:	1
C[6330]:	1
C[6331]:	1
C[6332]:	1
C[6333]:	1
C[6334]:	1
C[6335]:	1
C[6336]:	1
C[6337]:	1
C[6338]:	1
C[6339]:	1
C[6340]:	1
C[6341]:	1
C[6342]:	1
C[6343]:	1
C[6344]:	1
C[6345]:	1
C[6346]:	1
C[6347]:	1
C[6348]:	1
C[6349]:	1
C[6350]:	1
C[6351]:	1
C[6352]:	1
C[6353]:	1
C[6354]:	1
C[6355]:	1
C[6356]:	1
C[6357]:	1
C[6358]:	1
C[6359]:	1
C[6360]:	1
C[6361]:	1
C[6362]:	1
C[6363]:	1
C[6364]:	1
C[6365]:	1
C[6366]:	1
C[6367]:	1
C[6368]:	1
C[6369]:	1
C[6370]:	1
C[6371]:	1
C[6372]:	1
C[6373]:	1
C[6374]:	1
C[6375]:	1
C[6376]:	1
C[6377]:	1
C[6378]:	1
C[6379]:	1
C[6380]:	1
C[6381]:	1
C[6382]:	1
C[6383]:	1
C[6384]:	1
C[6385]:	1
C[6386]:	1
C[6387]:	1
C[6388]:	1
C[6389]:	1
C[6390]:	1
C[6391]:	1
C[6392]:	1
C[6393]:	1
C[6394]:	1
C[6395]:	1
C[6396]:	1
C[6397]:	1
C[6398]:	0
C[6399]:	0
C[6400]:	0
C[6401]:	1
C[6402]:	1
C[6403]:	1
C[6404]:	1
C[6405]:	1
C[6406]:	1
C[6407]:	1
C[6408]:	1
C[6409]:	1
C[6410]:	1
C[6411]:	1
C[6412]:	1
C[6413]:	1
C[6414]:	1
C[6415]:	1
C[6416]:	1
C[6417]:	1
C[6418]:	1
C[6419]:	1
C[6420]:	1
C[6421]:	1
C[6422]:	1
C[6423]:	1
C[6424]:	1
C[6425]:	1
C[6426]:	1
C[6427]:	1
C[6428]:	1
C[6429]:	1
C[6430]:	1
C[6431]:	1
C[6432]:	1
C[6433]:	1
C[6434]:	1
C[6435]:	1
C[6436]:	1
C[6437]:	1
C[6438]:	1
C[6439]:	1
C[6440]:	1
C[6441]:	1
C[6442]:	1
C[6443]:	1
C[6444]:	1
C[6445]:	1
C[6446]:	1
C[6447]:	1
C[6448]:	1
C[6449]:	1
C[6450]:	1
C[6451]:	1
C[6452]:	1
C[6453]:	1
C[6454]:	1
C[6455]:	1
C[6456]:	1
C[6457]:	1
C[6458]:	1
C[6459]:	1
C[6460]:	1
C[6461]:	1
C[6462]:	1
C[6463]:	1
C[6464]:	1
C[6465]:	1
C[6466]:	1
C[6467]:	1
C[6468]:	1
C[6469]:	1
C[6470]:	1
C[6471]:	1
C[6472]:	1
C[6473]:	1
C[6474]:	1
C[6475]:	1
C[6476]:	1
C[6477]:	1
C[6478]:	1
C[6479]:	1
C[6480]:	1
C[6481]:	1
C[6482]:	1
C[6483]:	1
C[6484]:	1
C[6485]:	1
C[6486]:	1
C[6487]:	1
C[6488]:	1
C[6489]:	1
C[6490]:	1
C[6491]:	1
C[6492]:	1
C[6493]:	1
C[6494]:	1
C[6495]:	1
C[6496]:	1
C[6497]:	1
C[6498]:	1
C[6499]:	1
C[6500]:	1
C[6501]:	1
C[6502]:	1
C[6503]:	1
C[6504]:	1
C[6505]:	1
C[6506]:	1
C[6507]:	1
C[6508]:	1
C[6509]:	1
C[6510]:	1
C[6511]:	1
C[6512]:	1
C[6513]:	1
C[6514]:	1
C[6515]:	1
C[6516]:	1
C[6517]:	1
C[6518]:	1
C[6519]:	1
C[6520]:	1
C[6521]:	1
C[6522]:	1
C[6523]:	1
C[6524]:	1
C[6525]:	1
C[6526]:	1
C[6527]:	1
C[6528]:	1
C[6529]:	1
C[6530]:	1
C[6531]:	1
C[6532]:	1
C[6533]:	1
C[6534]:	1
C[6535]:	1
C[6536]:	1
C[6537]:	1
C[6538]:	1
C[6539]:	1
C[6540]:	1
C[6541]:	1
C[6542]:	1
C[6543]:	1
C[6544]:	1
C[6545]:	1
C[6546]:	1
C[6547]:	1
C[6548]:	1
C[6549]:	1
C[6550]:	1
C[6551]:	1
C[6552]:	1
C[6553]:	1
C[6554]:	1
C[6555]:	1
C[6556]:	1
C[6557]:	1
C[6558]:	1
C[6559]:	1
C[6560]:	1
C[6561]:	1
C[6562]:	1
C[6563]:	1
C[6564]:	1
C[6565]:	1
C[6566]:	1
C[6567]:	1
C[6568]:	1
C[6569]:	1
C[6570]:	1
C[6571]:	1
C[6572]:	1
C[6573]:	1
C[6574]:	1
C[6575]:	1
C[6576]:	1
C[6577]:	1
C[6578]:	1
C[6579]:	1
C[6580]:	1
C[6581]:	1
C[6582]:	1
C[6583]:	1
C[6584]:	1
C[6585]:	1
C[6586]:	1
C[6587]:	1
C[6588]:	1
C[6589]:	1
C[6590]:	1
C[6591]:	1
C[6592]:	1
C[6593]:	1
C[6594]:	1
C[6595]:	1
C[6596]:	1
C[6597]:	1
C[6598]:	1
C[6599]:	1
C[6600]:	1
C[6601]:	1
C[6602]:	1
C[6603]:	1
C[6604]:	1
C[6605]:	1
C[6606]:	1
C[6607]:	1
C[6608]:	1
C[6609]:	1
C[6610]:	1
C[6611]:	1
C[6612]:	1
C[6613]:	1
C[6614]:	1
C[6615]:	1
C[6616]:	1
C[6617]:	1
C[6618]:	1
C[6619]:	1
C[6620]:	1
C[6621]:	1
C[6622]:	1
C[6623]:	1
C[6624]:	1
C[6625]:	1
C[6626]:	1
C[6627]:	1
C[6628]:	1
C[6629]:	1
C[6630]:	1
C[6631]:	1
C[6632]:	1
C[6633]:	1
C[6634]:	1
C[6635]:	1
C[6636]:	1
C[6637]:	1
C[6638]:	1
C[6639]:	1
C[6640]:	1
C[6641]:	1
C[6642]:	1
C[6643]:	1
C[6644]:	1
C[6645]:	1
C[6646]:	1
C[6647]:	1
C[6648]:	1
C[6649]:	1
C[6650]:	1
C[6651]:	1
C[6652]:	1
C[6653]:	1
C[6654]:	1
C[6655]:	1
C[6656]:	1
C[6657]:	1
C[6658]:	1
C[6659]:	1
C[6660]:	1
C[6661]:	1
C[6662]:	1
C[6663]:	1
C[6664]:	1
C[6665]:	1
C[6666]:	1
C[6667]:	1
C[6668]:	1
C[6669]:	1
C[6670]:	1
C[6671]:	0
C[6672]:	0
C[6673]:	1
C[6674]:	1
C[6675]:	1
C[6676]:	1
C[6677]:	1
C[6678]:	1
C[6679]:	0
C[6680]:	0
C[6681]:	1
C[6682]:	0
C[6683]:	1
C[6684]:	0
C[6685]:	1
C[6686]:	0
C[6687]:	1
C[6688]:	1
C[6689]:	1
C[6690]:	0
C[6691]:	1
C[6692]:	0
C[6693]:	1
C[6694]:	0
C[6695]:	1
C[6696]:	1
C[6697]:	1
C[6698]:	0
C[6699]:	1
C[6700]:	0
C[6701]:	1
C[6702]:	0
C[6703]:	1
C[6704]:	1
C[6705]:	1
C[6706]:	0
C[6707]:	1
C[6708]:	0
C[6709]:	1
C[6710]:	0
C[6711]:	1
C[6712]:	1
C[6713]:	1
C[6714]:	0
C[6715]:	0
C[6716]:	1
C[6717]:	0
C[6718]:	0
Fim das clausulas
================================================================================
