================================================================================
Valores dos parametros:
Tamanho da tabela: 0
Numero maximo de iteracoes totais: 50
Tempo maximo de cada iteracao: 99s
================================================================================
Este problema tem 175 variaveis e 753 clausulas.
Solucao inicial: 708.
Solução final: 744.
Tempo total decorrido: 8.25258s.
================================================================================
Valor das variaveis
X[1]:	1
X[2]:	1
X[3]:	1
X[4]:	1
X[5]:	1
X[6]:	1
X[7]:	1
X[8]:	1
X[9]:	0
X[10]:	1
X[11]:	0
X[12]:	1
X[13]:	1
X[14]:	0
X[15]:	1
X[16]:	0
X[17]:	1
X[18]:	0
X[19]:	1
X[20]:	0
X[21]:	1
X[22]:	0
X[23]:	0
X[24]:	1
X[25]:	1
X[26]:	1
X[27]:	0
X[28]:	0
X[29]:	0
X[30]:	1
X[31]:	1
X[32]:	1
X[33]:	0
X[34]:	0
X[35]:	0
X[36]:	0
X[37]:	1
X[38]:	0
X[39]:	0
X[40]:	0
X[41]:	1
X[42]:	1
X[43]:	0
X[44]:	1
X[45]:	0
X[46]:	1
X[47]:	1
X[48]:	0
X[49]:	1
X[50]:	1
X[51]:	0
X[52]:	0
X[53]:	0
X[54]:	1
X[55]:	1
X[56]:	1
X[57]:	0
X[58]:	0
X[59]:	1
X[60]:	1
X[61]:	1
X[62]:	1
X[63]:	1
X[64]:	0
X[65]:	1
X[66]:	1
X[67]:	0
X[68]:	0
X[69]:	0
X[70]:	0
X[71]:	1
X[72]:	0
X[73]:	1
X[74]:	1
X[75]:	0
X[76]:	0
X[77]:	0
X[78]:	0
X[79]:	1
X[80]:	1
X[81]:	1
X[82]:	0
X[83]:	0
X[84]:	1
X[85]:	1
X[86]:	0
X[87]:	0
X[88]:	0
X[89]:	1
X[90]:	0
X[91]:	0
X[92]:	0
X[93]:	0
X[94]:	0
X[95]:	0
X[96]:	0
X[97]:	1
X[98]:	1
X[99]:	1
X[100]:	1
X[101]:	1
X[102]:	1
X[103]:	1
X[104]:	1
X[105]:	0
X[106]:	1
X[107]:	0
X[108]:	1
X[109]:	1
X[110]:	0
X[111]:	0
X[112]:	0
X[113]:	0
X[114]:	0
X[115]:	1
X[116]:	1
X[117]:	0
X[118]:	1
X[119]:	0
X[120]:	1
X[121]:	1
X[122]:	0
X[123]:	0
X[124]:	1
X[125]:	0
X[126]:	0
X[127]:	0
X[128]:	1
X[129]:	1
X[130]:	1
X[131]:	0
X[132]:	0
X[133]:	1
X[134]:	0
X[135]:	0
X[136]:	0
X[137]:	0
X[138]:	1
X[139]:	1
X[140]:	1
X[141]:	1
X[142]:	0
X[143]:	0
X[144]:	1
X[145]:	1
X[146]:	1
X[147]:	0
X[148]:	1
X[149]:	0
X[150]:	1
X[151]:	0
X[152]:	0
X[153]:	1
X[154]:	1
X[155]:	1
X[156]:	1
X[157]:	0
X[158]:	0
X[159]:	1
X[160]:	0
X[161]:	1
X[162]:	1
X[163]:	0
X[164]:	0
X[165]:	0
X[166]:	1
X[167]:	1
X[168]:	1
X[169]:	1
X[170]:	1
X[171]:	1
X[172]:	1
X[173]:	1
X[174]:	1
X[175]:	1
Fim das variaveis
================================================================================
Valor das Clausulas
C[1]:	1
C[2]:	1
C[3]:	1
C[4]:	1
C[5]:	1
C[6]:	1
C[7]:	1
C[8]:	1
C[9]:	1
C[10]:	1
C[11]:	1
C[12]:	1
C[13]:	1
C[14]:	1
C[15]:	1
C[16]:	1
C[17]:	1
C[18]:	1
C[19]:	1
C[20]:	1
C[21]:	1
C[22]:	1
C[23]:	1
C[24]:	1
C[25]:	1
C[26]:	1
C[27]:	1
C[28]:	1
C[29]:	1
C[30]:	1
C[31]:	1
C[32]:	1
C[33]:	1
C[34]:	1
C[35]:	1
C[36]:	1
C[37]:	1
C[38]:	1
C[39]:	1
C[40]:	1
C[41]:	1
C[42]:	1
C[43]:	1
C[44]:	1
C[45]:	1
C[46]:	1
C[47]:	1
C[48]:	1
C[49]:	1
C[50]:	1
C[51]:	1
C[52]:	1
C[53]:	1
C[54]:	1
C[55]:	1
C[56]:	1
C[57]:	1
C[58]:	1
C[59]:	1
C[60]:	1
C[61]:	1
C[62]:	1
C[63]:	1
C[64]:	1
C[65]:	1
C[66]:	1
C[67]:	1
C[68]:	1
C[69]:	1
C[70]:	1
C[71]:	1
C[72]:	1
C[73]:	1
C[74]:	1
C[75]:	0
C[76]:	1
C[77]:	1
C[78]:	1
C[79]:	1
C[80]:	1
C[81]:	1
C[82]:	1
C[83]:	1
C[84]:	1
C[85]:	1
C[86]:	1
C[87]:	1
C[88]:	1
C[89]:	1
C[90]:	1
C[91]:	1
C[92]:	1
C[93]:	1
C[94]:	1
C[95]:	1
C[96]:	1
C[97]:	1
C[98]:	1
C[99]:	1
C[100]:	1
C[101]:	1
C[102]:	1
C[103]:	1
C[104]:	1
C[105]:	1
C[106]:	1
C[107]:	1
C[108]:	1
C[109]:	1
C[110]:	1
C[111]:	1
C[112]:	1
C[113]:	1
C[114]:	1
C[115]:	1
C[116]:	1
C[117]:	1
C[118]:	1
C[119]:	1
C[120]:	1
C[121]:	1
C[122]:	1
C[123]:	1
C[124]:	1
C[125]:	1
C[126]:	1
C[127]:	1
C[128]:	1
C[129]:	1
C[130]:	1
C[131]:	1
C[132]:	1
C[133]:	1
C[134]:	1
C[135]:	1
C[136]:	1
C[137]:	1
C[138]:	1
C[139]:	1
C[140]:	1
C[141]:	1
C[142]:	1
C[143]:	1
C[144]:	1
C[145]:	1
C[146]:	1
C[147]:	1
C[148]:	1
C[149]:	1
C[150]:	1
C[151]:	1
C[152]:	1
C[153]:	1
C[154]:	1
C[155]:	1
C[156]:	1
C[157]:	1
C[158]:	1
C[159]:	1
C[160]:	1
C[161]:	1
C[162]:	1
C[163]:	1
C[164]:	1
C[165]:	1
C[166]:	1
C[167]:	1
C[168]:	1
C[169]:	1
C[170]:	1
C[171]:	1
C[172]:	1
C[173]:	1
C[174]:	1
C[175]:	1
C[176]:	1
C[177]:	1
C[178]:	1
C[179]:	1
C[180]:	1
C[181]:	1
C[182]:	1
C[183]:	1
C[184]:	1
C[185]:	1
C[186]:	1
C[187]:	1
C[188]:	1
C[189]:	1
C[190]:	1
C[191]:	1
C[192]:	1
C[193]:	1
C[194]:	1
C[195]:	1
C[196]:	1
C[197]:	1
C[198]:	1
C[199]:	1
C[200]:	1
C[201]:	1
C[202]:	1
C[203]:	1
C[204]:	1
C[205]:	1
C[206]:	1
C[207]:	1
C[208]:	1
C[209]:	1
C[210]:	1
C[211]:	1
C[212]:	1
C[213]:	1
C[214]:	0
C[215]:	1
C[216]:	1
C[217]:	1
C[218]:	1
C[219]:	1
C[220]:	1
C[221]:	1
C[222]:	1
C[223]:	1
C[224]:	1
C[225]:	1
C[226]:	0
C[227]:	1
C[228]:	1
C[229]:	1
C[230]:	1
C[231]:	1
C[232]:	1
C[233]:	1
C[234]:	1
C[235]:	1
C[236]:	1
C[237]:	1
C[238]:	1
C[239]:	1
C[240]:	1
C[241]:	1
C[242]:	1
C[243]:	1
C[244]:	1
C[245]:	1
C[246]:	1
C[247]:	1
C[248]:	1
C[249]:	1
C[250]:	1
C[251]:	1
C[252]:	1
C[253]:	1
C[254]:	1
C[255]:	1
C[256]:	1
C[257]:	1
C[258]:	1
C[259]:	1
C[260]:	1
C[261]:	1
C[262]:	1
C[263]:	1
C[264]:	1
C[265]:	1
C[266]:	1
C[267]:	1
C[268]:	1
C[269]:	1
C[270]:	1
C[271]:	1
C[272]:	1
C[273]:	1
C[274]:	1
C[275]:	1
C[276]:	1
C[277]:	1
C[278]:	1
C[279]:	1
C[280]:	1
C[281]:	1
C[282]:	1
C[283]:	1
C[284]:	1
C[285]:	1
C[286]:	1
C[287]:	1
C[288]:	1
C[289]:	1
C[290]:	1
C[291]:	1
C[292]:	1
C[293]:	1
C[294]:	1
C[295]:	1
C[296]:	1
C[297]:	1
C[298]:	1
C[299]:	1
C[300]:	1
C[301]:	1
C[302]:	1
C[303]:	1
C[304]:	1
C[305]:	1
C[306]:	1
C[307]:	1
C[308]:	1
C[309]:	1
C[310]:	1
C[311]:	1
C[312]:	1
C[313]:	0
C[314]:	1
C[315]:	1
C[316]:	1
C[317]:	1
C[318]:	1
C[319]:	1
C[320]:	1
C[321]:	1
C[322]:	1
C[323]:	1
C[324]:	1
C[325]:	1
C[326]:	1
C[327]:	1
C[328]:	1
C[329]:	1
C[330]:	1
C[331]:	1
C[332]:	1
C[333]:	1
C[334]:	1
C[335]:	1
C[336]:	1
C[337]:	1
C[338]:	1
C[339]:	1
C[340]:	1
C[341]:	1
C[342]:	1
C[343]:	1
C[344]:	1
C[345]:	1
C[346]:	1
C[347]:	1
C[348]:	1
C[349]:	1
C[350]:	1
C[351]:	1
C[352]:	1
C[353]:	1
C[354]:	1
C[355]:	1
C[356]:	1
C[357]:	1
C[358]:	1
C[359]:	1
C[360]:	1
C[361]:	1
C[362]:	1
C[363]:	1
C[364]:	1
C[365]:	1
C[366]:	1
C[367]:	1
C[368]:	1
C[369]:	1
C[370]:	1
C[371]:	1
C[372]:	1
C[373]:	1
C[374]:	1
C[375]:	1
C[376]:	1
C[377]:	1
C[378]:	1
C[379]:	1
C[380]:	1
C[381]:	1
C[382]:	1
C[383]:	1
C[384]:	1
C[385]:	1
C[386]:	1
C[387]:	0
C[388]:	1
C[389]:	1
C[390]:	1
C[391]:	1
C[392]:	1
C[393]:	1
C[394]:	1
C[395]:	1
C[396]:	1
C[397]:	1
C[398]:	1
C[399]:	1
C[400]:	1
C[401]:	1
C[402]:	1
C[403]:	1
C[404]:	1
C[405]:	1
C[406]:	1
C[407]:	1
C[408]:	1
C[409]:	1
C[410]:	1
C[411]:	1
C[412]:	1
C[413]:	1
C[414]:	1
C[415]:	1
C[416]:	1
C[417]:	1
C[418]:	1
C[419]:	1
C[420]:	1
C[421]:	1
C[422]:	1
C[423]:	1
C[424]:	1
C[425]:	1
C[426]:	1
C[427]:	1
C[428]:	1
C[429]:	1
C[430]:	1
C[431]:	1
C[432]:	1
C[433]:	1
C[434]:	1
C[435]:	1
C[436]:	1
C[437]:	1
C[438]:	1
C[439]:	1
C[440]:	1
C[441]:	1
C[442]:	1
C[443]:	1
C[444]:	1
C[445]:	1
C[446]:	1
C[447]:	1
C[448]:	1
C[449]:	1
C[450]:	1
C[451]:	1
C[452]:	1
C[453]:	1
C[454]:	1
C[455]:	1
C[456]:	1
C[457]:	1
C[458]:	1
C[459]:	1
C[460]:	1
C[461]:	1
C[462]:	1
C[463]:	1
C[464]:	1
C[465]:	1
C[466]:	1
C[467]:	1
C[468]:	1
C[469]:	1
C[470]:	1
C[471]:	1
C[472]:	1
C[473]:	1
C[474]:	1
C[475]:	1
C[476]:	1
C[477]:	1
C[478]:	1
C[479]:	1
C[480]:	1
C[481]:	1
C[482]:	1
C[483]:	1
C[484]:	1
C[485]:	1
C[486]:	1
C[487]:	1
C[488]:	1
C[489]:	1
C[490]:	1
C[491]:	1
C[492]:	1
C[493]:	1
C[494]:	1
C[495]:	1
C[496]:	1
C[497]:	1
C[498]:	1
C[499]:	1
C[500]:	1
C[501]:	1
C[502]:	1
C[503]:	1
C[504]:	1
C[505]:	1
C[506]:	1
C[507]:	1
C[508]:	1
C[509]:	1
C[510]:	1
C[511]:	1
C[512]:	1
C[513]:	1
C[514]:	1
C[515]:	1
C[516]:	1
C[517]:	1
C[518]:	1
C[519]:	1
C[520]:	1
C[521]:	1
C[522]:	1
C[523]:	1
C[524]:	1
C[525]:	1
C[526]:	1
C[527]:	1
C[528]:	1
C[529]:	1
C[530]:	1
C[531]:	1
C[532]:	1
C[533]:	1
C[534]:	1
C[535]:	1
C[536]:	1
C[537]:	1
C[538]:	1
C[539]:	1
C[540]:	1
C[541]:	1
C[542]:	1
C[543]:	1
C[544]:	1
C[545]:	1
C[546]:	1
C[547]:	1
C[548]:	1
C[549]:	1
C[550]:	1
C[551]:	0
C[552]:	1
C[553]:	1
C[554]:	1
C[555]:	1
C[556]:	1
C[557]:	1
C[558]:	1
C[559]:	0
C[560]:	1
C[561]:	1
C[562]:	1
C[563]:	1
C[564]:	1
C[565]:	1
C[566]:	1
C[567]:	1
C[568]:	1
C[569]:	1
C[570]:	1
C[571]:	1
C[572]:	1
C[573]:	1
C[574]:	1
C[575]:	1
C[576]:	1
C[577]:	1
C[578]:	1
C[579]:	1
C[580]:	1
C[581]:	1
C[582]:	1
C[583]:	1
C[584]:	1
C[585]:	1
C[586]:	1
C[587]:	1
C[588]:	1
C[589]:	1
C[590]:	0
C[591]:	1
C[592]:	1
C[593]:	1
C[594]:	1
C[595]:	1
C[596]:	0
C[597]:	1
C[598]:	1
C[599]:	1
C[600]:	1
C[601]:	1
C[602]:	1
C[603]:	1
C[604]:	1
C[605]:	1
C[606]:	1
C[607]:	1
C[608]:	1
C[609]:	1
C[610]:	1
C[611]:	1
C[612]:	1
C[613]:	1
C[614]:	1
C[615]:	1
C[616]:	1
C[617]:	1
C[618]:	1
C[619]:	1
C[620]:	1
C[621]:	1
C[622]:	1
C[623]:	1
C[624]:	1
C[625]:	1
C[626]:	1
C[627]:	1
C[628]:	1
C[629]:	1
C[630]:	1
C[631]:	1
C[632]:	1
C[633]:	1
C[634]:	1
C[635]:	1
C[636]:	1
C[637]:	1
C[638]:	1
C[639]:	1
C[640]:	1
C[641]:	1
C[642]:	1
C[643]:	1
C[644]:	1
C[645]:	1
C[646]:	1
C[647]:	1
C[648]:	1
C[649]:	1
C[650]:	1
C[651]:	1
C[652]:	1
C[653]:	1
C[654]:	1
C[655]:	1
C[656]:	1
C[657]:	1
C[658]:	1
C[659]:	1
C[660]:	1
C[661]:	1
C[662]:	1
C[663]:	1
C[664]:	1
C[665]:	1
C[666]:	1
C[667]:	1
C[668]:	1
C[669]:	1
C[670]:	1
C[671]:	1
C[672]:	1
C[673]:	1
C[674]:	1
C[675]:	1
C[676]:	1
C[677]:	1
C[678]:	1
C[679]:	1
C[680]:	1
C[681]:	1
C[682]:	1
C[683]:	1
C[684]:	1
C[685]:	1
C[686]:	1
C[687]:	1
C[688]:	1
C[689]:	1
C[690]:	1
C[691]:	1
C[692]:	1
C[693]:	1
C[694]:	1
C[695]:	1
C[696]:	1
C[697]:	1
C[698]:	1
C[699]:	1
C[700]:	1
C[701]:	1
C[702]:	1
C[703]:	1
C[704]:	1
C[705]:	1
C[706]:	1
C[707]:	1
C[708]:	1
C[709]:	1
C[710]:	1
C[711]:	1
C[712]:	1
C[713]:	1
C[714]:	1
C[715]:	1
C[716]:	1
C[717]:	1
C[718]:	1
C[719]:	1
C[720]:	1
C[721]:	1
C[722]:	1
C[723]:	1
C[724]:	1
C[725]:	1
C[726]:	1
C[727]:	1
C[728]:	1
C[729]:	1
C[730]:	1
C[731]:	1
C[732]:	1
C[733]:	1
C[734]:	1
C[735]:	1
C[736]:	1
C[737]:	1
C[738]:	1
C[739]:	1
C[740]:	1
C[741]:	1
C[742]:	1
C[743]:	1
C[744]:	1
C[745]:	1
C[746]:	1
C[747]:	1
C[748]:	1
C[749]:	1
C[750]:	1
C[751]:	1
C[752]:	1
C[753]:	1
Fim das clausulas
================================================================================
